12-01-2023 12:01:17 INFO     [main.py:13] Admin logged in
12-03-2023 12:03:42 DEBUG    [player.py:5] Player Test_Player_Login created
12-03-2023 12:03:45 DEBUG    [player.py:5] Player Test_Player_signup created
12-04-2023 12:04:01 DEBUG    [hangman.py:40] Test_Player_Login scored 8
12-04-2023 12:04:01 DEBUG    [hangman.py:105] <Player Test_Player_Login Scores:[] Wins:0 />
12-04-2023 12:04:01 DEBUG    [basegame.py:14] Player changing
12-04-2023 12:04:01 DEBUG    [basegame.py:17] New Player: <Player Test_Player_signup Scores:[] Wins:0 />
12-04-2023 12:04:13 DEBUG    [hangman.py:50] Test_Player_signup scored 5
12-04-2023 12:04:13 DEBUG    [hangman.py:105] <Player Test_Player_signup Scores:[] Wins:0 />
12-04-2023 12:04:13 DEBUG    [basegame.py:14] Player changing
12-04-2023 12:04:13 DEBUG    [basegame.py:17] New Player: <Player Test_Player_Login Scores:[8] Wins:0 />
12-04-2023 12:04:13 DEBUG    [hangman.py:109] Test_Player_Login scored 8 and Test_Player_signup scored 5
12-01-2023 13:01:40 DEBUG    [player.py:5] Player Test_Player_Login created
12-01-2023 13:01:44 DEBUG    [player.py:5] Player Test_Player_signup created
12-04-2023 15:04:54 INFO     [admin.py:13] Admin logged in
12-05-2023 15:05:17 DEBUG    [player.py:5] Player Test_Player_Login created
12-05-2023 15:05:21 DEBUG    [player.py:5] Player Test_Player_signup created
12-05-2023 15:05:43 DEBUG    [hangman.py:40] Test_Player_Login scored 7
12-05-2023 15:05:43 DEBUG    [hangman.py:105] <Player Test_Player_Login Scores:[] Wins:0 />
12-05-2023 15:05:43 DEBUG    [basegame.py:14] Player changing
12-05-2023 15:05:43 DEBUG    [basegame.py:17] New Player: <Player Test_Player_signup Scores:[] Wins:0 />
12-05-2023 15:05:51 DEBUG    [hangman.py:50] Test_Player_signup scored 8
12-05-2023 15:05:51 DEBUG    [hangman.py:105] <Player Test_Player_signup Scores:[] Wins:0 />
12-05-2023 15:05:51 DEBUG    [basegame.py:14] Player changing
12-05-2023 15:05:51 DEBUG    [basegame.py:17] New Player: <Player Test_Player_Login Scores:[7] Wins:0 />
12-05-2023 15:05:51 DEBUG    [hangman.py:109] Test_Player_Login scored 7 and Test_Player_signup scored 8
12-43-2023 17:43:00 DEBUG    [player.py:5] Player Test_Player_Login created
12-43-2023 17:43:03 DEBUG    [player.py:5] Player Test_Player_signup created
12-43-2023 17:43:17 DEBUG    [hangman.py:40] Test_Player_Login scored 8
12-43-2023 17:43:17 DEBUG    [hangman.py:105] <Player Test_Player_Login Scores:[] Wins:0 />
12-43-2023 17:43:17 DEBUG    [basegame.py:14] Player changing
12-43-2023 17:43:17 DEBUG    [basegame.py:17] New Player: <Player Test_Player_signup Scores:[] Wins:0 />
12-43-2023 17:43:38 DEBUG    [hangman.py:50] Test_Player_signup scored 0
12-43-2023 17:43:38 DEBUG    [hangman.py:105] <Player Test_Player_signup Scores:[] Wins:0 />
12-43-2023 17:43:38 DEBUG    [basegame.py:14] Player changing
12-43-2023 17:43:38 DEBUG    [basegame.py:17] New Player: <Player Test_Player_Login Scores:[8] Wins:0 />
12-43-2023 17:43:38 DEBUG    [hangman.py:109] Test_Player_Login scored 8 and Test_Player_signup scored 0
12-44-2023 17:44:11 INFO     [admin.py:13] Admin logged in
12-12-2023 18:12:52 DEBUG    [player.py:5] Player Test_Player_Login created
12-12-2023 18:12:53 DEBUG    [player.py:5] Player Test_Player_signup created
12-13-2023 18:13:25 DEBUG    [player.py:5] Player Test_Player_Login created
12-13-2023 18:13:27 DEBUG    [player.py:5] Player Test_Player_signup created
12-16-2023 18:16:48 DEBUG    [player.py:5] Player Test_Player_Login created
12-16-2023 18:16:52 DEBUG    [player.py:5] Player Test_Player_signup created
13-38-2023 11:38:27 DEBUG    [player.py:5] Player Test_Player_Login created
13-38-2023 11:38:30 DEBUG    [player.py:5] Player Test_Player_signup created
13-41-2023 11:41:39 DEBUG    [player.py:5] Player Test_Player_Login created
13-41-2023 11:41:40 DEBUG    [player.py:5] Player Test_Player_signup created
13-42-2023 11:42:27 DEBUG    [hangman.py:41] Test_Player_Login scored 2
13-42-2023 11:42:27 DEBUG    [hangman.py:107] <Player Test_Player_Login Scores:[] Wins:0 />
13-42-2023 11:42:27 DEBUG    [basegame.py:14] Player changing
13-42-2023 11:42:27 DEBUG    [basegame.py:17] New Player: <Player Test_Player_signup Scores:[] Wins:0 />
13-43-2023 11:43:05 DEBUG    [hangman.py:51] Test_Player_signup scored 6
13-43-2023 11:43:05 DEBUG    [hangman.py:107] <Player Test_Player_signup Scores:[] Wins:0 />
13-43-2023 11:43:05 DEBUG    [basegame.py:14] Player changing
13-43-2023 11:43:05 DEBUG    [basegame.py:17] New Player: <Player Test_Player_Login Scores:[2] Wins:0 />
13-43-2023 11:43:05 DEBUG    [hangman.py:111] Test_Player_Login scored 2 and Test_Player_signup scored 6
13-47-2023 13:47:58 DEBUG    [player.py:5] Player Test_Player_Login created
13-46-2023 14:46:39 DEBUG    [player.py:18] Player ABC created
13-46-2023 14:46:39 INFO     [admin.py:15] Admin logged in
13-46-2023 14:46:45 DEBUG    [player.py:18] Player DEF created
13-46-2023 14:46:53 INFO     [words.py:9] Word Section accessed
13-47-2023 14:47:24 DEBUG    [hangman.py:43] DEF scored 6
13-47-2023 14:47:24 DEBUG    [hangman.py:97] <Player DEF Scores:[] Wins:0 />
13-47-2023 14:47:24 DEBUG    [hangman.py:101] DEF scored 6
13-48-2023 14:48:55 DEBUG    [player.py:18] Player DEF created
13-49-2023 14:49:03 INFO     [words.py:9] Word Section accessed
13-50-2023 14:50:24 DEBUG    [hangman.py:43] DEF scored 5
13-50-2023 14:50:24 DEBUG    [hangman.py:97] <Player DEF Scores:[] Wins:0 />
13-50-2023 14:50:24 DEBUG    [hangman.py:101] DEF scored 5
13-12-2023 15:12:08 DEBUG    [player.py:18] Player ABC created
13-12-2023 15:12:08 INFO     [admin.py:15] Admin logged in
13-12-2023 15:12:13 DEBUG    [player.py:18] Player DEF created
13-12-2023 15:12:19 INFO     [words.py:9] Word Section accessed
13-12-2023 15:12:49 DEBUG    [hangman.py:43] DEF scored 7
13-12-2023 15:12:49 DEBUG    [hangman.py:97] <Player DEF Scores:[] Wins:0 />
13-12-2023 15:12:49 DEBUG    [hangman.py:101] DEF scored 7
13-12-2023 15:12:53 INFO     [words.py:9] Word Section accessed
13-14-2023 15:14:15 DEBUG    [hangman.py:43] DEF scored 0
13-14-2023 15:14:15 DEBUG    [hangman.py:97] <Player DEF Scores:[7] Wins:0 />
13-14-2023 15:14:15 DEBUG    [hangman.py:101] DEF scored 0
19-11-2023 09:11:27 DEBUG    [player.py:21] Player ABC created
19-11-2023 09:11:27 INFO     [admin.py:19] Admin logged in
19-12-2023 09:12:52 DEBUG    [player.py:21] Player ABC created
19-12-2023 09:12:52 INFO     [admin.py:19] Admin logged in
20-16-2023 13:16:23 DEBUG    [login.py:16] []
20-16-2023 13:16:23 DEBUG    [player.py:15] Player abc created
20-17-2023 13:17:25 DEBUG    [login.py:16] [('Deadpool', 'abc', 'player')]
20-17-2023 13:17:25 DEBUG    [player.py:15] Player abc created
20-25-2023 13:25:14 DEBUG    [main.py:20] [('Deadpool', 'abc', 'player')]
20-26-2023 13:26:10 DEBUG    [main.py:20] ('Deadpool', 'abc', 'player')
20-26-2023 13:26:10 DEBUG    [player.py:15] Player Deadpool created
20-40-2023 13:40:44 DEBUG    [PlayerDAO.py:45] []
20-40-2023 13:40:44 DEBUG    [main.py:27] ('abc', 'admin')
20-42-2023 13:42:10 DEBUG    [PlayerDAO.py:45] []
20-47-2023 13:47:03 DEBUG    [PlayerDAO.py:42] Type: <class 'list'>
20-47-2023 13:47:03 DEBUG    [PlayerDAO.py:48] []
20-47-2023 13:47:03 DEBUG    [main.py:27] ('deadpool', 'abc', 'admin')
20-47-2023 13:47:03 DEBUG    [player.py:15] Player deadpool created
20-47-2023 13:47:03 INFO     [admin.py:15] Admin logged in
20-50-2023 13:50:40 DEBUG    [PlayerDAO.py:45] [('Deadpool', 'abc', 'player')]
20-50-2023 13:50:40 DEBUG    [main.py:27] ('Deadpool', 'abc', 'player')
20-50-2023 13:50:40 DEBUG    [player.py:15] Player Deadpool created
20-50-2023 13:50:52 INFO     [words.py:9] Word Section accessed
20-51-2023 13:51:28 DEBUG    [hangman.py:43] Deadpool scored 4
20-51-2023 13:51:28 DEBUG    [hangman.py:97] <Player Deadpool Scores:[] Wins:0 />
20-51-2023 13:51:28 DEBUG    [hangman.py:101] Deadpool scored 4
20-03-2023 14:03:00 DEBUG    [PlayerDAO.py:52] [('Deadpool', 'abc', 'player')]
20-05-2023 14:05:02 DEBUG    [PlayerDAO.py:52] [('Deadpool', 'abc', 'player')]
20-05-2023 14:05:02 DEBUG    [main.py:27] Player(name='Deadpool', role='player')
20-05-2023 14:05:02 DEBUG    [player.py:15] Player Deadpool created
20-06-2023 14:06:31 DEBUG    [PlayerDAO.py:52] [('my_player', 'abc', 'player')]
20-06-2023 14:06:31 DEBUG    [main.py:27] Player(name='my_player', role='player')
20-06-2023 14:06:31 DEBUG    [player.py:15] Player my_player created
20-15-2023 16:15:22 DEBUG    [PlayerDAO.py:52] [('Deadpool', 'abc', 'player')]
20-15-2023 16:15:22 DEBUG    [main.py:25] Player(name='Deadpool', role='player')
20-15-2023 16:15:22 DEBUG    [player.py:15] Player Deadpool created
20-22-2023 16:22:23 DEBUG    [PlayerDAO.py:52] [('Deadpool', 'abc', 'player')]
20-22-2023 16:22:23 DEBUG    [main.py:27] Player(name='Deadpool', role='player')
20-22-2023 16:22:23 DEBUG    [player.py:15] Player Deadpool created
20-25-2023 16:25:21 DEBUG    [PlayerDAO.py:52] [('Deadpool', 'abc', 'player')]
20-25-2023 16:25:21 DEBUG    [main.py:25] Player(name='Deadpool', role='player')
20-25-2023 16:25:21 DEBUG    [player.py:15] Player Deadpool created
20-54-2023 16:54:04 DEBUG    [PlayerDAO.py:52] [('Deadpool', 'abc', 'player')]
20-54-2023 16:54:04 DEBUG    [main.py:38] Player(name='Deadpool', role='player')
20-54-2023 16:54:04 DEBUG    [player.py:15] Player Deadpool created
20-05-2023 17:05:31 DEBUG    [PlayerDAO.py:52] [('Deadpool', 'abc', 'player')]
20-05-2023 17:05:31 DEBUG    [main.py:38] Player(name='Deadpool', role='player')
20-05-2023 17:05:31 DEBUG    [player.py:16] Player Deadpool created
20-06-2023 17:06:04 DEBUG    [PlayerDAO.py:52] [('Deadpool', 'abc', 'player')]
20-06-2023 17:06:04 DEBUG    [main.py:38] Player(name='Deadpool', role='player')
20-06-2023 17:06:04 DEBUG    [player.py:16] Player Deadpool created
20-06-2023 17:06:06 INFO     [words.py:9] Word Section accessed
20-06-2023 17:06:46 DEBUG    [PlayerDAO.py:52] [('Deadpool', 'abc', 'player')]
20-06-2023 17:06:46 DEBUG    [main.py:38] Player(name='Deadpool', role='player')
20-06-2023 17:06:46 DEBUG    [player.py:16] Player Deadpool created
20-09-2023 17:09:57 DEBUG    [PlayerDAO.py:52] [('Deadpool', 'abc', 'player')]
20-09-2023 17:09:57 DEBUG    [main.py:38] Player(name='Deadpool', role='player')
20-09-2023 17:09:57 DEBUG    [player.py:16] Player Deadpool created
20-10-2023 17:10:56 DEBUG    [PlayerDAO.py:52] [('Deadpool', 'abc', 'player')]
20-10-2023 17:10:56 DEBUG    [main.py:38] Player(name='Deadpool', role='player')
20-10-2023 17:10:56 DEBUG    [player.py:16] Player Deadpool created
20-13-2023 17:13:53 DEBUG    [PlayerDAO.py:52] [('Deadpool', 'abc', 'player')]
20-13-2023 17:13:53 DEBUG    [main.py:38] Player(name='Deadpool', role='player')
20-13-2023 17:13:53 DEBUG    [player.py:16] Player Deadpool created
20-13-2023 17:13:58 DEBUG    [play.py:10] User choice: a
20-14-2023 17:14:00 DEBUG    [play.py:10] User choice: q
20-14-2023 17:14:01 DEBUG    [play.py:10] User choice: q
20-14-2023 17:14:03 DEBUG    [play.py:10] User choice: q
20-15-2023 17:15:53 DEBUG    [PlayerDAO.py:52] [('Deadpool', 'abc', 'player')]
20-15-2023 17:15:53 DEBUG    [main.py:38] Player(name='Deadpool', role='player')
20-15-2023 17:15:53 DEBUG    [player.py:16] Player Deadpool created
20-15-2023 17:15:57 DEBUG    [play.py:10] User choice: g
20-15-2023 17:15:59 DEBUG    [play.py:10] User choice: q
20-16-2023 17:16:13 DEBUG    [PlayerDAO.py:52] [('Deadpool', 'abc', 'player')]
20-16-2023 17:16:13 DEBUG    [main.py:38] Player(name='Deadpool', role='player')
20-16-2023 17:16:13 DEBUG    [player.py:16] Player Deadpool created
20-16-2023 17:16:19 DEBUG    [play.py:10] User choice: p
20-16-2023 17:16:19 INFO     [words.py:9] Word Section accessed
20-16-2023 17:16:55 DEBUG    [hangman.py:43] Deadpool scored 0
20-16-2023 17:16:55 DEBUG    [hangman.py:97] <Player Deadpool Scores:[] Wins:0 />
20-16-2023 17:16:55 DEBUG    [hangman.py:101] Deadpool scored 0
23-58-2023 09:58:51 DEBUG    [PlayerDAO.py:52] [('Deadpool', 'abc', 'player')]
23-58-2023 09:58:51 DEBUG    [main.py:35] Player(name='Deadpool', role='player')
23-58-2023 09:58:51 DEBUG    [player.py:16] Player Deadpool created
23-59-2023 09:59:02 INFO     [words.py:9] Word Section accessed
23-59-2023 09:59:51 DEBUG    [PlayerDAO.py:52] [('Deadpool', 'abc', 'player')]
23-59-2023 09:59:51 DEBUG    [main.py:35] Player(name='Deadpool', role='player')
23-59-2023 09:59:51 DEBUG    [player.py:16] Player Deadpool created
23-59-2023 09:59:54 INFO     [words.py:9] Word Section accessed
23-00-2023 10:00:40 DEBUG    [hangman.py:101] <Player Deadpool Scores:[] Wins:0 />
23-00-2023 10:00:40 DEBUG    [hangman.py:105] Deadpool scored 3
23-08-2023 10:08:07 DEBUG    [PlayerDAO.py:52] [('Deadpool', 'abc', 'player')]
23-08-2023 10:08:07 DEBUG    [main.py:35] Player(name='Deadpool', role='player')
23-08-2023 10:08:07 DEBUG    [player.py:16] Player Deadpool created
23-08-2023 10:08:11 DEBUG    [player.py:33] start_new_game
23-08-2023 10:08:11 INFO     [words.py:9] Word Section accessed
23-08-2023 10:08:33 DEBUG    [hangman.py:101] <Player Deadpool Scores:[] Wins:0 />
23-08-2023 10:08:33 DEBUG    [hangman.py:105] Deadpool scored 5
23-14-2023 10:14:47 DEBUG    [PlayerDAO.py:52] [('Deadpool', 'abc', 'player')]
23-14-2023 10:14:47 DEBUG    [main.py:36] Player(name='Deadpool', role='player')
23-14-2023 10:14:47 DEBUG    [player.py:17] Player Deadpool created
23-14-2023 10:14:55 INFO     [words.py:9] Word Section accessed
23-15-2023 10:15:31 DEBUG    [hangman.py:101] <Player Deadpool Scores:[] Wins:0 />
23-15-2023 10:15:31 DEBUG    [hangman.py:105] Deadpool scored 4
23-20-2023 10:20:22 DEBUG    [PlayerDAO.py:52] [('Deadpool', 'abc', 'player')]
23-20-2023 10:20:22 DEBUG    [main.py:36] Player(name='Deadpool', role='player')
23-20-2023 10:20:22 DEBUG    [player.py:17] Player Deadpool created
23-25-2023 10:25:44 DEBUG    [PlayerDAO.py:52] [('Deadpool2', 'Abcdefg@2002', 'player')]
23-25-2023 10:25:44 DEBUG    [main.py:36] Player(name='Deadpool2', role='player')
23-25-2023 10:25:44 DEBUG    [player.py:17] Player Deadpool2 created
23-30-2023 10:30:16 DEBUG    [PlayerDAO.py:52] [('Deadpool2', 'Abcdefg@2002', 'player')]
23-30-2023 10:30:16 DEBUG    [main.py:36] Player(name='Deadpool2', role='player')
23-30-2023 10:30:16 DEBUG    [player.py:17] Player Deadpool2 created
23-30-2023 10:30:27 INFO     [words.py:9] Word Section accessed
23-31-2023 10:31:01 DEBUG    [hangman.py:102] <Player Deadpool2 Scores:[] Wins:0 />
23-31-2023 10:31:01 DEBUG    [hangman.py:106] Deadpool2 scored 0
23-32-2023 10:32:36 DEBUG    [PlayerDAO.py:52] [('Deadpool2', 'Abcdefg@2002', 'player')]
23-32-2023 10:32:36 DEBUG    [main.py:36] Player(name='Deadpool2', role='player')
23-32-2023 10:32:36 DEBUG    [player.py:17] Player Deadpool2 created
23-32-2023 10:32:38 INFO     [words.py:9] Word Section accessed
23-32-2023 10:32:58 DEBUG    [hangman.py:103] <Player Deadpool2 Scores:[] Wins:0 />
23-32-2023 10:32:58 DEBUG    [hangman.py:107] Deadpool2 scored 4
23-06-2023 11:06:54 DEBUG    [PlayerDAO.py:52] [('Deadpool', 'abc', 'player')]
23-06-2023 11:06:54 DEBUG    [main.py:36] Player(name='Deadpool', role='player')
23-06-2023 11:06:54 DEBUG    [player.py:17] Player Deadpool created
23-07-2023 11:07:18 INFO     [words.py:9] Word Section accessed
23-08-2023 11:08:14 DEBUG    [hangman.py:103] <Player Deadpool Scores:[] Wins:0 />
23-08-2023 11:08:14 DEBUG    [hangman.py:107] Deadpool scored 3
23-51-2023 11:51:41 DEBUG    [PlayerDAO.py:52] [('Deadpool', 'abc', 'player')]
23-51-2023 11:51:41 DEBUG    [main.py:37] Player(name='Deadpool', role='player')
23-51-2023 11:51:41 DEBUG    [player.py:17] Player Deadpool created
23-51-2023 11:51:45 INFO     [words.py:9] Word Section accessed
23-52-2023 11:52:54 DEBUG    [PlayerDAO.py:52] [('Deadpool', 'abc', 'player')]
23-52-2023 11:52:54 DEBUG    [main.py:37] Player(name='Deadpool', role='player')
23-52-2023 11:52:54 DEBUG    [player.py:17] Player Deadpool created
23-52-2023 11:52:56 INFO     [words.py:9] Word Section accessed
23-53-2023 11:53:35 DEBUG    [hangman.py:101] <Player Deadpool Scores:[] Wins:0 />
23-53-2023 11:53:35 DEBUG    [hangman.py:105] Deadpool scored 7
23-54-2023 11:54:22 DEBUG    [PlayerDAO.py:52] [('Deadpool', 'abc', 'player')]
23-54-2023 11:54:22 DEBUG    [main.py:37] Player(name='Deadpool', role='player')
23-54-2023 11:54:22 DEBUG    [player.py:17] Player Deadpool created
23-54-2023 11:54:24 INFO     [words.py:9] Word Section accessed
23-54-2023 11:54:37 DEBUG    [hangman.py:100] <Player Deadpool Scores:[] Wins:0 />
23-54-2023 11:54:37 DEBUG    [hangman.py:104] Deadpool scored 0
23-58-2023 11:58:02 DEBUG    [PlayerDAO.py:52] [('Deadpool', 'abc', 'player')]
23-58-2023 11:58:02 DEBUG    [main.py:37] Player(name='Deadpool', role='player')
23-58-2023 11:58:02 DEBUG    [player.py:17] Player Deadpool created
23-58-2023 11:58:04 INFO     [words.py:9] Word Section accessed
23-58-2023 11:58:17 DEBUG    [hangman.py:100] <Player Deadpool Scores:[] Wins:0 />
23-58-2023 11:58:17 DEBUG    [hangman.py:104] Deadpool scored 7
23-00-2023 12:00:33 DEBUG    [PlayerDAO.py:52] [('Deadpool', 'abc', 'player')]
23-00-2023 12:00:33 DEBUG    [main.py:37] Player(name='Deadpool', role='player')
23-00-2023 12:00:33 DEBUG    [player.py:17] Player Deadpool created
23-00-2023 12:00:41 INFO     [words.py:9] Word Section accessed
23-01-2023 12:01:10 DEBUG    [hangman.py:100] <Player Deadpool Scores:[] Wins:0 />
23-01-2023 12:01:10 DEBUG    [hangman.py:104] Deadpool scored 7
23-01-2023 12:01:48 DEBUG    [PlayerDAO.py:52] [('Deadpool', 'abc', 'player')]
23-01-2023 12:01:48 DEBUG    [main.py:37] Player(name='Deadpool', role='player')
23-01-2023 12:01:48 DEBUG    [player.py:17] Player Deadpool created
23-01-2023 12:01:50 INFO     [words.py:9] Word Section accessed
23-02-2023 12:02:12 DEBUG    [hangman.py:100] <Player Deadpool Scores:[] Wins:0 />
23-02-2023 12:02:12 DEBUG    [hangman.py:104] Deadpool scored 6
23-03-2023 12:03:01 DEBUG    [PlayerDAO.py:52] [('Deadpool', 'abc', 'player')]
23-03-2023 12:03:01 DEBUG    [main.py:37] Player(name='Deadpool', role='player')
23-03-2023 12:03:01 DEBUG    [player.py:17] Player Deadpool created
23-03-2023 12:03:53 DEBUG    [PlayerDAO.py:52] [('Deadpool', 'abc', 'player')]
23-03-2023 12:03:53 DEBUG    [main.py:37] Player(name='Deadpool', role='player')
23-03-2023 12:03:53 DEBUG    [player.py:17] Player Deadpool created
23-04-2023 12:04:36 DEBUG    [PlayerDAO.py:52] [('Deadpool', 'abc', 'player')]
23-04-2023 12:04:36 DEBUG    [main.py:37] Player(name='Deadpool', role='player')
23-04-2023 12:04:36 DEBUG    [player.py:17] Player Deadpool created
23-18-2023 13:18:29 INFO     [PlayerDAO.py:23] Three tables are created
23-18-2023 13:18:45 INFO     [PlayerDAO.py:23] Three tables are created
23-18-2023 13:18:45 DEBUG    [PlayerDAO.py:56] [('deadpool', 'Abcdefg@2002', 'player')]
23-18-2023 13:18:45 DEBUG    [main.py:37] Player(name='deadpool', role='player')
23-18-2023 13:18:45 DEBUG    [player.py:17] Player deadpool created
23-20-2023 13:20:55 INFO     [words.py:9] Word Section accessed
23-21-2023 13:21:50 DEBUG    [hangman.py:100] <Player deadpool Scores:[] Wins:0 />
23-21-2023 13:21:50 DEBUG    [hangman.py:104] deadpool scored 3
23-25-2023 13:25:25 INFO     [PlayerDAO.py:23] Three tables are created
23-25-2023 13:25:25 DEBUG    [PlayerDAO.py:56] [('deadpool', 'Abcdefg@2002', 'player')]
23-25-2023 13:25:25 DEBUG    [main.py:37] Player(name='deadpool', role='player')
23-25-2023 13:25:25 DEBUG    [player.py:17] Player deadpool created
23-25-2023 13:25:33 INFO     [words.py:9] Word Section accessed
23-26-2023 13:26:07 DEBUG    [hangman.py:102] <Player deadpool Scores:[] Wins:0 />
23-26-2023 13:26:07 DEBUG    [hangman.py:106] deadpool scored 5
23-29-2023 13:29:46 INFO     [PlayerDAO.py:23] Three tables are created
23-29-2023 13:29:46 DEBUG    [PlayerDAO.py:56] [('deadpool', 'Abcdefg@2002', 'player')]
23-29-2023 13:29:46 DEBUG    [main.py:37] Player(name='deadpool', role='player')
23-29-2023 13:29:46 DEBUG    [player.py:17] Player deadpool created
23-29-2023 13:29:53 INFO     [words.py:9] Word Section accessed
23-30-2023 13:30:45 DEBUG    [hangman.py:103] <Player deadpool Scores:[] Wins:0 />
23-30-2023 13:30:45 DEBUG    [hangman.py:107] deadpool scored 0
23-32-2023 13:32:44 INFO     [PlayerDAO.py:23] Three tables are created
23-32-2023 13:32:58 INFO     [PlayerDAO.py:23] Three tables are created
23-33-2023 13:33:16 INFO     [PlayerDAO.py:23] Three tables are created
23-33-2023 13:33:16 DEBUG    [PlayerDAO.py:56] [('deadpool', 'Abcdefg@2002', 'player')]
23-33-2023 13:33:16 DEBUG    [main.py:37] Player(name='deadpool', role='player')
23-33-2023 13:33:16 DEBUG    [player.py:17] Player deadpool created
23-33-2023 13:33:21 INFO     [words.py:9] Word Section accessed
23-33-2023 13:33:49 DEBUG    [hangman.py:103] <Player deadpool Scores:[] Wins:0 />
23-33-2023 13:33:49 DEBUG    [hangman.py:107] deadpool scored 7
23-45-2023 13:45:06 INFO     [PlayerDAO.py:23] Three tables are created
23-45-2023 13:45:06 DEBUG    [PlayerDAO.py:56] [('deadpool', 'Abcdefg@2002', 'player')]
23-45-2023 13:45:06 DEBUG    [main.py:37] Player(name='deadpool', role='player')
23-45-2023 13:45:06 DEBUG    [player.py:17] Player deadpool created
23-45-2023 13:45:09 INFO     [words.py:16] Word Section accessed
23-46-2023 13:46:12 INFO     [PlayerDAO.py:23] Three tables are created
23-46-2023 13:46:12 DEBUG    [PlayerDAO.py:56] [('deadpool', 'Abcdefg@2002', 'player')]
23-46-2023 13:46:12 DEBUG    [main.py:37] Player(name='deadpool', role='player')
23-46-2023 13:46:12 DEBUG    [player.py:17] Player deadpool created
23-47-2023 13:47:01 INFO     [PlayerDAO.py:23] Three tables are created
23-47-2023 13:47:01 DEBUG    [PlayerDAO.py:56] [('deadpool', 'Abcdefg@2002', 'player')]
23-47-2023 13:47:01 DEBUG    [main.py:37] Player(name='deadpool', role='player')
23-47-2023 13:47:01 DEBUG    [player.py:17] Player deadpool created
23-47-2023 13:47:03 INFO     [words.py:16] Word Section accessed
23-47-2023 13:47:36 DEBUG    [hangman.py:108] <Player deadpool Scores:[] Wins:0 />
23-47-2023 13:47:36 DEBUG    [hangman.py:112] deadpool scored 4
23-48-2023 13:48:04 INFO     [words.py:16] Word Section accessed
23-48-2023 13:48:21 DEBUG    [hangman.py:108] <Player deadpool Scores:[4] Wins:0 />
23-48-2023 13:48:21 DEBUG    [hangman.py:112] deadpool scored 0
23-50-2023 13:50:31 INFO     [PlayerDAO.py:23] Three tables are created
23-50-2023 13:50:31 DEBUG    [PlayerDAO.py:56] [('deadpool', 'Abcdefg@2002', 'player')]
23-50-2023 13:50:31 DEBUG    [main.py:37] Player(name='deadpool', role='player')
23-50-2023 13:50:31 DEBUG    [player.py:17] Player deadpool created
23-51-2023 13:51:19 INFO     [PlayerDAO.py:23] Three tables are created
23-51-2023 13:51:43 INFO     [PlayerDAO.py:23] Three tables are created
23-51-2023 13:51:43 DEBUG    [PlayerDAO.py:56] [('Pratiksha', 'Pratiksha123', 'player')]
23-51-2023 13:51:43 DEBUG    [main.py:37] Player(name='Pratiksha', role='player')
23-51-2023 13:51:43 DEBUG    [player.py:17] Player Pratiksha created
23-53-2023 13:53:09 INFO     [PlayerDAO.py:23] Three tables are created
23-53-2023 13:53:30 INFO     [PlayerDAO.py:23] Three tables are created
23-53-2023 13:53:30 DEBUG    [PlayerDAO.py:56] [('Pratiksha', 'Pratiksha123', 'player')]
23-53-2023 13:53:30 DEBUG    [main.py:37] Player(name='Pratiksha', role='player')
23-53-2023 13:53:30 DEBUG    [player.py:17] Player Pratiksha created
23-53-2023 13:53:37 INFO     [words.py:16] Word Section accessed
23-53-2023 13:53:55 DEBUG    [hangman.py:108] <Player Pratiksha Scores:[] Wins:0 />
23-53-2023 13:53:55 DEBUG    [hangman.py:112] Pratiksha scored 0
23-02-2023 15:02:07 INFO     [PlayerDAO.py:23] Three tables are created
23-02-2023 15:02:26 INFO     [PlayerDAO.py:23] Three tables are created
23-03-2023 15:03:05 INFO     [PlayerDAO.py:23] Three tables are created
23-03-2023 15:03:56 INFO     [PlayerDAO.py:23] Three tables are created
23-38-2023 16:38:43 INFO     [PlayerDAO.py:23] Three tables are created
23-38-2023 16:38:53 INFO     [PlayerDAO.py:23] Three tables are created
23-39-2023 16:39:02 INFO     [PlayerDAO.py:23] Three tables are created
23-46-2023 16:46:23 INFO     [PlayerDAO.py:23] Three tables are created
23-46-2023 16:46:23 DEBUG    [PlayerDAO.py:58] [('Deadpool', 'Abcdef@2002', 'player')]
23-46-2023 16:46:23 DEBUG    [main.py:37] Player(name='Deadpool', role='player')
23-46-2023 16:46:23 DEBUG    [player.py:17] Player Deadpool created
23-46-2023 16:46:23 INFO     [main.py:42] Login with <Player Deadpool Scores:[] Wins:0 />
23-46-2023 16:46:51 INFO     [PlayerDAO.py:23] Three tables are created
23-47-2023 16:47:01 INFO     [PlayerDAO.py:23] Three tables are created
23-47-2023 16:47:01 DEBUG    [PlayerDAO.py:58] [('Deadpool', 'Abcdef@2002', 'player')]
23-47-2023 16:47:01 DEBUG    [main.py:37] Player(name='Deadpool', role='player')
23-47-2023 16:47:01 DEBUG    [player.py:17] Player Deadpool created
23-47-2023 16:47:01 INFO     [main.py:42] Login with <Player Deadpool Scores:[] Wins:0 />
23-03-2023 17:03:58 INFO     [PlayerDAO.py:23] Three tables are created
23-03-2023 17:03:58 DEBUG    [PlayerDAO.py:58] [('Deadpool', 'Abcdef@2002', 'player')]
23-03-2023 17:03:58 DEBUG    [main.py:37] Player(name='Deadpool', role='player')
23-03-2023 17:03:58 DEBUG    [player.py:17] Player Deadpool created
23-03-2023 17:03:58 INFO     [main.py:42] Login with <Player Deadpool Scores:[] Wins:0 />
23-04-2023 17:04:06 INFO     [words.py:16] Word Section accessed
23-04-2023 17:04:44 DEBUG    [hangman.py:108] <Player Deadpool Scores:[] Wins:0 />
23-04-2023 17:04:44 DEBUG    [hangman.py:112] Deadpool scored 2
23-05-2023 17:05:20 INFO     [PlayerDAO.py:23] Three tables are created
23-05-2023 17:05:31 INFO     [PlayerDAO.py:23] Three tables are created
23-05-2023 17:05:31 DEBUG    [PlayerDAO.py:58] [('Tanvi', 'Tanvi@2002', 'player')]
23-05-2023 17:05:31 DEBUG    [main.py:37] Player(name='Tanvi', role='player')
23-05-2023 17:05:31 DEBUG    [player.py:17] Player Tanvi created
23-05-2023 17:05:31 INFO     [main.py:42] Login with <Player Tanvi Scores:[] Wins:0 />
23-05-2023 17:05:39 INFO     [words.py:16] Word Section accessed
23-07-2023 17:07:46 DEBUG    [hangman.py:108] <Player Tanvi Scores:[] Wins:0 />
23-07-2023 17:07:46 DEBUG    [hangman.py:112] Tanvi scored 6
23-08-2023 17:08:02 INFO     [words.py:16] Word Section accessed
23-09-2023 17:09:17 DEBUG    [hangman.py:108] <Player Tanvi Scores:[6] Wins:0 />
23-09-2023 17:09:17 DEBUG    [hangman.py:112] Tanvi scored 3
23-09-2023 17:09:21 INFO     [words.py:16] Word Section accessed
23-09-2023 17:09:43 DEBUG    [hangman.py:108] <Player Tanvi Scores:[6, 3] Wins:0 />
23-09-2023 17:09:43 DEBUG    [hangman.py:112] Tanvi scored 7
23-10-2023 17:10:01 INFO     [words.py:16] Word Section accessed
23-10-2023 17:10:40 DEBUG    [hangman.py:108] <Player Tanvi Scores:[6, 3, 7] Wins:0 />
23-10-2023 17:10:40 DEBUG    [hangman.py:112] Tanvi scored 7
23-10-2023 17:10:53 INFO     [words.py:16] Word Section accessed
23-11-2023 17:11:13 DEBUG    [hangman.py:108] <Player Tanvi Scores:[6, 3, 7, 7] Wins:0 />
23-11-2023 17:11:13 DEBUG    [hangman.py:112] Tanvi scored 0
23-12-2023 17:12:42 INFO     [PlayerDAO.py:23] Three tables are created
23-12-2023 17:12:42 DEBUG    [PlayerDAO.py:58] [('Deadpool', 'Abcdef@2002', 'player')]
23-12-2023 17:12:42 DEBUG    [main.py:37] Player(name='Deadpool', role='player')
23-12-2023 17:12:42 DEBUG    [player.py:17] Player Deadpool created
23-12-2023 17:12:42 INFO     [main.py:42] Login with <Player Deadpool Scores:[] Wins:0 />
23-14-2023 17:14:41 INFO     [PlayerDAO.py:23] Three tables are created
23-15-2023 17:15:21 INFO     [PlayerDAO.py:23] Three tables are created
23-15-2023 17:15:43 INFO     [PlayerDAO.py:23] Three tables are created
23-16-2023 17:16:10 INFO     [PlayerDAO.py:23] Three tables are created
23-16-2023 17:16:10 DEBUG    [PlayerDAO.py:55] Invalid username or password2
23-19-2023 17:19:53 INFO     [PlayerDAO.py:23] Three tables are created
23-20-2023 17:20:59 INFO     [PlayerDAO.py:23] Three tables are created
23-21-2023 17:21:06 INFO     [PlayerDAO.py:23] Three tables are created
23-21-2023 17:21:06 DEBUG    [PlayerDAO.py:55] Invalid username or password2
23-22-2023 17:22:09 INFO     [PlayerDAO.py:23] Three tables are created
23-22-2023 17:22:18 INFO     [PlayerDAO.py:23] Three tables are created
23-22-2023 17:22:18 DEBUG    [PlayerDAO.py:55] Invalid username or password2
23-22-2023 17:22:18 DEBUG    [PlayerDAO.py:56] [('admin', 'Abcde@2', 'admin')]
23-22-2023 17:22:45 INFO     [PlayerDAO.py:23] Three tables are created
23-22-2023 17:22:45 DEBUG    [main.py:37] Player(name='admin', role='admin')
23-22-2023 17:22:45 DEBUG    [player.py:17] Player admin created
23-22-2023 17:22:45 INFO     [admin.py:17] Admin logged in
23-22-2023 17:22:58 INFO     [words.py:16] Word Section accessed
23-31-2023 17:31:23 INFO     [PlayerDAO.py:23] Three tables are created
23-31-2023 17:31:42 INFO     [PlayerDAO.py:23] Three tables are created
23-31-2023 17:31:42 DEBUG    [main.py:37] Player(name='admin', role='admin')
23-31-2023 17:31:42 DEBUG    [player.py:17] Player admin created
23-31-2023 17:31:42 INFO     [admin.py:17] Admin logged in
23-43-2023 17:43:55 INFO     [PlayerDAO.py:23] Three tables are created
23-44-2023 17:44:12 INFO     [PlayerDAO.py:23] Three tables are created
23-44-2023 17:44:12 DEBUG    [main.py:37] Player(name='admin', role='admin')
23-44-2023 17:44:12 DEBUG    [player.py:17] Player admin created
23-44-2023 17:44:12 INFO     [admin.py:17] Admin logged in
23-44-2023 17:44:21 INFO     [words.py:16] Word Section accessed
23-44-2023 17:44:56 DEBUG    [hangman.py:108] <Player admin Scores:[] Wins:0 />
23-44-2023 17:44:56 DEBUG    [hangman.py:112] admin scored 0
24-16-2023 21:16:07 INFO     [PlayerDAO.py:23] Three tables are created
24-17-2023 21:17:31 INFO     [PlayerDAO.py:23] Three tables are created
24-18-2023 21:18:28 INFO     [PlayerDAO.py:23] Three tables are created
24-21-2023 21:21:40 INFO     [PlayerDAO.py:23] Three tables are created
25-44-2023 10:44:37 INFO     [PlayerDAO.py:23] Three tables are created
25-44-2023 10:44:37 DEBUG    [main.py:38] Player(name='admin', role='admin')
25-44-2023 10:44:37 DEBUG    [player.py:17] Player admin created
25-44-2023 10:44:37 INFO     [admin.py:17] Admin logged in
25-44-2023 10:44:40 INFO     [words.py:16] Word Section accessed
25-45-2023 10:45:32 DEBUG    [hangman.py:116] admin scored 5
25-45-2023 10:45:54 DEBUG    [hangman.py:116] admin scored 7
25-48-2023 10:48:29 INFO     [PlayerDAO.py:23] Three tables are created
25-48-2023 10:48:29 DEBUG    [main.py:38] Player(name='admin', role='admin')
25-48-2023 10:48:29 DEBUG    [player.py:17] Player admin created
25-48-2023 10:48:29 INFO     [admin.py:17] Admin logged in
25-48-2023 10:48:39 INFO     [words.py:16] Word Section accessed
25-48-2023 10:48:51 DEBUG    [hangman.py:116] admin scored 7
25-49-2023 10:49:05 DEBUG    [hangman.py:116] admin scored 7
25-57-2023 10:57:18 INFO     [PlayerDAO.py:23] Three tables are created
25-57-2023 10:57:18 DEBUG    [main.py:39] Player(name='admin', role='admin', high_score=0)
25-57-2023 10:57:18 DEBUG    [player.py:17] Player admin created
25-57-2023 10:57:18 INFO     [admin.py:17] Admin logged in
25-57-2023 10:57:21 INFO     [words.py:16] Word Section accessed
25-57-2023 10:57:31 DEBUG    [hangman.py:116] admin scored 7
25-57-2023 10:57:57 DEBUG    [hangman.py:116] admin scored 0
25-57-2023 10:57:57 INFO     [PlayerDAO.py:23] Three tables are created
25-02-2023 11:02:28 INFO     [PlayerDAO.py:23] Three tables are created
25-03-2023 11:03:44 INFO     [PlayerDAO.py:23] Three tables are created
25-03-2023 11:03:44 DEBUG    [main.py:39] Player(name='admin', role='admin', high_score=0.0)
25-03-2023 11:03:44 DEBUG    [player.py:17] Player admin created
25-03-2023 11:03:44 INFO     [admin.py:17] Admin logged in
25-03-2023 11:03:46 INFO     [words.py:16] Word Section accessed
25-04-2023 11:04:00 DEBUG    [hangman.py:116] admin scored 7
25-04-2023 11:04:10 DEBUG    [hangman.py:116] admin scored 7
25-04-2023 11:04:10 INFO     [PlayerDAO.py:23] Three tables are created
25-04-2023 11:04:29 INFO     [words.py:16] Word Section accessed
25-04-2023 11:04:46 DEBUG    [hangman.py:116] admin scored 5
25-05-2023 11:05:04 DEBUG    [hangman.py:116] admin scored 6
25-36-2023 11:36:44 INFO     [PlayerDAO.py:24] Three tables are created
25-37-2023 11:37:08 INFO     [PlayerDAO.py:24] Three tables are created
25-37-2023 11:37:19 INFO     [PlayerDAO.py:24] Three tables are created
25-37-2023 11:37:19 DEBUG    [main.py:39] Player(name='admin', role='admin', high_score=0.0)
25-37-2023 11:37:19 DEBUG    [player.py:19] Player admin created
25-37-2023 11:37:19 INFO     [admin.py:18] Admin logged in
25-37-2023 11:37:22 INFO     [words.py:16] Word Section accessed
25-37-2023 11:37:41 DEBUG    [hangman.py:116] admin scored 7
25-37-2023 11:37:54 DEBUG    [hangman.py:116] admin scored 7
25-37-2023 11:37:54 INFO     [PlayerDAO.py:24] Three tables are created
25-03-2023 12:03:55 INFO     [PlayerDAO.py:24] Three tables are created
25-05-2023 12:05:22 INFO     [PlayerDAO.py:24] Three tables are created
25-05-2023 12:05:22 DEBUG    [PlayerDAO.py:51] Invalid username or password
25-17-2023 12:17:18 INFO     [PlayerDAO.py:24] Three tables are created
25-17-2023 12:17:18 DEBUG    [main.py:42] Player(name='admin', role='admin', high_score=7.0)
25-17-2023 12:17:18 DEBUG    [player.py:19] Player admin created
25-17-2023 12:17:18 INFO     [admin.py:18] Admin logged in
25-17-2023 12:17:23 INFO     [words.py:16] Word Section accessed
25-17-2023 12:17:38 DEBUG    [hangman.py:116] admin scored 7
25-17-2023 12:17:56 DEBUG    [hangman.py:116] admin scored 7
25-19-2023 12:19:55 INFO     [PlayerDAO.py:24] Three tables are created
25-19-2023 12:19:55 DEBUG    [main.py:42] Player(name='admin', role='admin', high_score=7.0)
25-19-2023 12:19:55 DEBUG    [player.py:19] Player admin created
25-19-2023 12:19:55 INFO     [admin.py:18] Admin logged in
25-52-2023 15:52:36 INFO     [PlayerDAO.py:25] Three tables are created
25-52-2023 15:52:36 DEBUG    [main.py:46] Player(name='admin', role='admin', high_score=7.0)
25-52-2023 15:52:36 DEBUG    [player.py:19] Player admin created
25-52-2023 15:52:36 INFO     [admin.py:17] Admin logged in
25-52-2023 15:52:51 INFO     [words.py:17] Word Section accessed
25-53-2023 15:53:22 DEBUG    [hangman.py:115] admin scored 5
25-53-2023 15:53:42 DEBUG    [hangman.py:115] admin scored 7
25-49-2023 16:49:37 INFO     [PlayerDAO.py:25] Three tables are created
25-49-2023 16:49:37 DEBUG    [main.py:46] Player(name='admin', role='admin', high_score=7.0)
25-49-2023 16:49:37 DEBUG    [player.py:19] Player admin created
25-49-2023 16:49:37 INFO     [admin.py:17] Admin logged in
25-51-2023 16:51:26 INFO     [PlayerDAO.py:25] Three tables are created
25-51-2023 16:51:26 DEBUG    [main.py:46] Player(name='admin', role='admin', high_score=7.0)
25-51-2023 16:51:26 DEBUG    [player.py:19] Player admin created
25-51-2023 16:51:26 INFO     [admin.py:17] Admin logged in
25-51-2023 16:51:28 INFO     [PlayerDAO.py:25] Three tables are created
25-51-2023 16:51:38 INFO     [words.py:17] Word Section accessed
25-51-2023 16:51:56 DEBUG    [hangman.py:120] admin scored 7
25-52-2023 16:52:42 INFO     [PlayerDAO.py:25] Three tables are created
25-52-2023 16:52:42 DEBUG    [main.py:46] Player(name='admin', role='admin', high_score=7.0)
25-52-2023 16:52:42 DEBUG    [player.py:19] Player admin created
25-52-2023 16:52:42 INFO     [admin.py:17] Admin logged in
25-52-2023 16:52:45 INFO     [PlayerDAO.py:25] Three tables are created
25-52-2023 16:52:47 INFO     [words.py:17] Word Section accessed
25-52-2023 16:52:58 DEBUG    [hangman.py:120] admin scored 7
25-53-2023 16:53:13 DEBUG    [hangman.py:120] admin scored 7
25-12-2023 17:12:58 INFO     [PlayerDAO.py:25] Three tables are created
25-12-2023 17:12:58 DEBUG    [main.py:46] Player(name='admin', role='admin', high_score=7.0)
25-12-2023 17:12:58 DEBUG    [player.py:19] Player admin created
25-12-2023 17:12:58 INFO     [admin.py:17] Admin logged in
25-13-2023 17:13:00 INFO     [PlayerDAO.py:25] Three tables are created
25-13-2023 17:13:19 INFO     [words.py:17] Word Section accessed
25-13-2023 17:13:37 DEBUG    [hangman.py:121] admin scored 7
25-21-2023 17:21:23 INFO     [PlayerDAO.py:25] Three tables are created
25-21-2023 17:21:23 DEBUG    [main.py:46] Player(name='admin', role='admin', high_score=7.0)
25-21-2023 17:21:23 DEBUG    [player.py:19] Player admin created
25-21-2023 17:21:23 INFO     [admin.py:17] Admin logged in
25-21-2023 17:21:25 INFO     [PlayerDAO.py:25] Three tables are created
25-21-2023 17:21:34 INFO     [words.py:17] Word Section accessed
25-21-2023 17:21:44 DEBUG    [hangman.py:121] admin scored 7
25-21-2023 17:21:57 DEBUG    [hangman.py:121] admin scored 7
25-23-2023 17:23:14 INFO     [PlayerDAO.py:25] Three tables are created
25-23-2023 17:23:14 DEBUG    [main.py:46] Player(name='admin', role='admin', high_score=7.0)
25-23-2023 17:23:14 DEBUG    [player.py:20] Player admin created
25-23-2023 17:23:14 INFO     [admin.py:17] Admin logged in
25-23-2023 17:23:16 INFO     [PlayerDAO.py:25] Three tables are created
25-23-2023 17:23:24 INFO     [words.py:17] Word Section accessed
25-23-2023 17:23:38 DEBUG    [hangman.py:121] admin scored 7
26-46-2023 08:46:34 INFO     [PlayerDAO.py:26] Three tables are created
26-46-2023 08:46:34 DEBUG    [main.py:46] Player(name='admin', role='admin', high_score=7.0)
26-46-2023 08:46:34 DEBUG    [player.py:20] Player admin created
26-46-2023 08:46:34 INFO     [admin.py:17] Admin logged in
26-37-2023 13:37:06 INFO     [PlayerDAO.py:20] Three tables are created
26-37-2023 13:37:06 DEBUG    [Game.py:50] Player(name='admin', role='admin', high_score=7.0)
26-37-2023 13:37:06 DEBUG    [player.py:20] Player admin created
26-37-2023 13:37:06 INFO     [admin.py:16] Admin logged in
26-02-2023 14:02:44 INFO     [PlayerDAO.py:20] Three tables are created
26-02-2023 14:02:44 DEBUG    [Game.py:50] Player(name='admin', role='admin', high_score=7.0)
26-02-2023 14:02:44 DEBUG    [player.py:21] Player admin created
26-02-2023 14:02:44 INFO     [admin.py:16] Admin logged in
26-02-2023 14:02:46 INFO     [PlayerDAO.py:20] Three tables are created
26-05-2023 14:05:05 INFO     [PlayerDAO.py:20] Three tables are created
26-05-2023 14:05:05 DEBUG    [Game.py:50] Player(name='admin', role='admin', high_score=7.0)
26-05-2023 14:05:05 DEBUG    [player.py:21] Player admin created
26-05-2023 14:05:05 INFO     [admin.py:16] Admin logged in
26-05-2023 14:05:08 INFO     [PlayerDAO.py:20] Three tables are created
26-07-2023 14:07:32 INFO     [PlayerDAO.py:20] Three tables are created
26-07-2023 14:07:32 DEBUG    [Game.py:50] Player(name='admin', role='admin', high_score=7.0)
26-07-2023 14:07:32 DEBUG    [player.py:21] Player admin created
26-07-2023 14:07:32 INFO     [admin.py:16] Admin logged in
26-07-2023 14:07:34 INFO     [PlayerDAO.py:20] Three tables are created
26-08-2023 14:08:18 INFO     [PlayerDAO.py:20] Three tables are created
26-08-2023 14:08:18 DEBUG    [Game.py:50] Player(name='admin', role='admin', high_score=7.0)
26-08-2023 14:08:18 DEBUG    [player.py:21] Player admin created
26-08-2023 14:08:18 INFO     [admin.py:16] Admin logged in
26-08-2023 14:08:19 INFO     [PlayerDAO.py:20] Three tables are created
26-08-2023 14:08:47 INFO     [PlayerDAO.py:20] Three tables are created
26-08-2023 14:08:47 DEBUG    [Game.py:50] Player(name='admin', role='admin', high_score=7.0)
26-08-2023 14:08:47 DEBUG    [player.py:21] Player admin created
26-08-2023 14:08:47 INFO     [admin.py:16] Admin logged in
26-08-2023 14:08:48 INFO     [PlayerDAO.py:20] Three tables are created
26-09-2023 14:09:27 INFO     [PlayerDAO.py:20] Three tables are created
26-09-2023 14:09:27 DEBUG    [Game.py:50] Player(name='admin', role='admin', high_score=7.0)
26-09-2023 14:09:27 DEBUG    [player.py:21] Player admin created
26-09-2023 14:09:27 INFO     [admin.py:16] Admin logged in
26-09-2023 14:09:28 INFO     [PlayerDAO.py:20] Three tables are created
26-10-2023 14:10:21 INFO     [PlayerDAO.py:20] Three tables are created
26-10-2023 14:10:21 DEBUG    [Game.py:50] Player(name='admin', role='admin', high_score=7.0)
26-10-2023 14:10:21 DEBUG    [player.py:21] Player admin created
26-10-2023 14:10:21 INFO     [admin.py:16] Admin logged in
26-10-2023 14:10:22 INFO     [PlayerDAO.py:20] Three tables are created
26-11-2023 14:11:01 INFO     [PlayerDAO.py:20] Three tables are created
26-11-2023 14:11:01 DEBUG    [Game.py:50] Player(name='admin', role='admin', high_score=7.0)
26-11-2023 14:11:01 DEBUG    [player.py:21] Player admin created
26-11-2023 14:11:01 INFO     [admin.py:16] Admin logged in
26-11-2023 14:11:03 INFO     [PlayerDAO.py:20] Three tables are created
26-24-2023 14:24:39 INFO     [PlayerDAO.py:20] Three tables are created
26-24-2023 14:24:39 DEBUG    [Game.py:50] Player(name='admin', role='admin', high_score=7.0)
26-24-2023 14:24:39 DEBUG    [player.py:21] Player admin created
26-24-2023 14:24:39 INFO     [admin.py:16] Admin logged in
26-24-2023 14:24:42 INFO     [PlayerDAO.py:20] Three tables are created
26-25-2023 14:25:02 INFO     [PlayerDAO.py:20] Three tables are created
26-25-2023 14:25:02 DEBUG    [Game.py:50] Player(name='admin', role='admin', high_score=7.0)
26-25-2023 14:25:02 DEBUG    [player.py:21] Player admin created
26-25-2023 14:25:02 INFO     [admin.py:16] Admin logged in
26-25-2023 14:25:03 INFO     [PlayerDAO.py:20] Three tables are created
26-26-2023 14:26:13 INFO     [PlayerDAO.py:20] Three tables are created
26-26-2023 14:26:13 DEBUG    [Game.py:50] Player(name='admin', role='admin', high_score=7.0)
26-26-2023 14:26:13 DEBUG    [player.py:21] Player admin created
26-26-2023 14:26:13 INFO     [admin.py:16] Admin logged in
26-26-2023 14:26:14 INFO     [PlayerDAO.py:20] Three tables are created
26-10-2023 15:10:04 INFO     [PlayerDAO.py:20] Three tables are created
26-10-2023 15:10:04 DEBUG    [Game.py:50] Player(name='admin', role='admin', high_score=7.0)
26-10-2023 15:10:04 DEBUG    [player.py:22] Player admin created
26-10-2023 15:10:04 INFO     [admin.py:16] Admin logged in
26-10-2023 15:10:13 INFO     [words.py:17] Word Section accessed
26-11-2023 15:11:16 INFO     [PlayerDAO.py:20] Three tables are created
26-11-2023 15:11:16 DEBUG    [Game.py:50] Player(name='admin', role='admin', high_score=7.0)
26-11-2023 15:11:16 DEBUG    [player.py:22] Player admin created
26-11-2023 15:11:16 INFO     [admin.py:16] Admin logged in
26-12-2023 15:12:05 INFO     [PlayerDAO.py:20] Three tables are created
26-12-2023 15:12:05 DEBUG    [Game.py:50] Player(name='admin', role='admin', high_score=7.0)
26-12-2023 15:12:05 DEBUG    [player.py:22] Player admin created
26-12-2023 15:12:05 INFO     [admin.py:16] Admin logged in
26-13-2023 15:13:57 INFO     [PlayerDAO.py:20] Three tables are created
26-13-2023 15:13:57 DEBUG    [Game.py:50] Player(name='admin', role='admin', high_score=7.0)
26-13-2023 15:13:57 DEBUG    [player.py:22] Player admin created
26-13-2023 15:13:57 INFO     [admin.py:16] Admin logged in
26-14-2023 15:14:03 INFO     [words.py:17] Word Section accessed
26-17-2023 15:17:35 INFO     [PlayerDAO.py:20] Three tables are created
26-17-2023 15:17:35 DEBUG    [Game.py:50] Player(name='admin', role='admin', high_score=7.0)
26-17-2023 15:17:35 DEBUG    [player.py:22] Player admin created
26-17-2023 15:17:35 INFO     [admin.py:16] Admin logged in
26-19-2023 15:19:56 INFO     [PlayerDAO.py:20] Three tables are created
26-19-2023 15:19:56 DEBUG    [Game.py:50] Player(name='admin', role='admin', high_score=7.0)
26-19-2023 15:19:56 DEBUG    [player.py:22] Player admin created
26-19-2023 15:19:56 INFO     [admin.py:16] Admin logged in
26-20-2023 15:20:29 INFO     [PlayerDAO.py:20] Three tables are created
26-20-2023 15:20:29 DEBUG    [Game.py:50] Player(name='admin', role='admin', high_score=7.0)
26-20-2023 15:20:29 DEBUG    [player.py:22] Player admin created
26-20-2023 15:20:29 INFO     [admin.py:16] Admin logged in
26-54-2023 15:54:19 INFO     [PlayerDAO.py:20] Three tables are created
26-54-2023 15:54:19 DEBUG    [Game.py:51] Player(name='admin', role='admin', high_score=7.0)
26-54-2023 15:54:19 DEBUG    [player.py:22] Player admin created
26-54-2023 15:54:19 INFO     [admin.py:16] Admin logged in
26-54-2023 15:54:30 INFO     [words.py:17] Word Section accessed
26-55-2023 15:55:01 DEBUG    [hangman.py:121] admin scored 7
26-20-2023 16:20:59 INFO     [PlayerDAO.py:20] Three tables are created
26-20-2023 16:20:59 DEBUG    [Game.py:51] Player(name='admin', role='admin', high_score=7.0, highscore_created_on='2023-10-25 11:37:54.637963', total_games_played=0, total_games_won=0)
26-20-2023 16:20:59 DEBUG    [player.py:22] Player admin created
26-20-2023 16:20:59 INFO     [admin.py:21] Admin logged in
26-22-2023 16:22:02 INFO     [PlayerDAO.py:20] Three tables are created
26-22-2023 16:22:02 DEBUG    [Game.py:51] Player(name='admin', role='admin', high_score=7.0, highscore_created_on='2023-10-25 11:37:54.637963', total_games_played=0, total_games_won=0)
26-22-2023 16:22:02 DEBUG    [player.py:22] Player admin created
26-22-2023 16:22:02 INFO     [admin.py:21] Admin logged in
26-22-2023 16:22:41 INFO     [PlayerDAO.py:20] Three tables are created
26-22-2023 16:22:41 DEBUG    [Game.py:51] Player(name='admin', role='admin', high_score=7.0, highscore_created_on='2023-10-25 11:37:54.637963', total_games_played=0, total_games_won=0)
26-22-2023 16:22:41 DEBUG    [player.py:22] Player admin created
26-22-2023 16:22:41 INFO     [admin.py:21] Admin logged in
26-23-2023 16:23:08 INFO     [PlayerDAO.py:20] Three tables are created
26-23-2023 16:23:08 DEBUG    [Game.py:51] Player(name='admin', role='admin', high_score=7.0, highscore_created_on='2023-10-25 11:37:54.637963', total_games_played=0, total_games_won=0)
26-23-2023 16:23:08 DEBUG    [player.py:22] Player admin created
26-23-2023 16:23:08 INFO     [admin.py:21] Admin logged in
26-49-2023 16:49:14 INFO     [PlayerDAO.py:20] Three tables are created
26-49-2023 16:49:14 DEBUG    [Game.py:51] Player(name='admin', role='admin', high_score=7.0, highscore_created_on='2023-10-25 11:37:54.637963', total_games_played=0, total_games_won=0)
26-49-2023 16:49:14 DEBUG    [player.py:22] Player admin created
26-49-2023 16:49:14 INFO     [admin.py:21] Admin logged in
26-49-2023 16:49:17 INFO     [words.py:17] Word Section accessed
26-49-2023 16:49:30 DEBUG    [hangman.py:125] admin scored 5
26-49-2023 16:49:53 DEBUG    [hangman.py:125] admin scored 7
26-49-2023 16:49:53 INFO     [PlayerDAO.py:20] Three tables are created
26-51-2023 16:51:48 INFO     [PlayerDAO.py:20] Three tables are created
26-51-2023 16:51:48 DEBUG    [Game.py:51] Player(name='admin', role='admin', high_score=7.0, highscore_created_on='2023-10-25 11:37:54.637963', total_games_played=0, total_games_won=0)
26-51-2023 16:51:48 DEBUG    [player.py:22] Player admin created
26-51-2023 16:51:48 INFO     [admin.py:21] Admin logged in
26-51-2023 16:51:53 INFO     [words.py:17] Word Section accessed
26-52-2023 16:52:23 DEBUG    [hangman.py:124] admin scored 6
26-52-2023 16:52:23 INFO     [PlayerDAO.py:20] Three tables are created
26-53-2023 16:53:05 INFO     [PlayerDAO.py:20] Three tables are created
26-53-2023 16:53:05 DEBUG    [Game.py:51] Player(name='admin', role='admin', high_score=7.0, highscore_created_on='2023-10-25 11:37:54.637963', total_games_played=1, total_games_won=1)
26-53-2023 16:53:05 DEBUG    [player.py:22] Player admin created
26-53-2023 16:53:05 INFO     [admin.py:21] Admin logged in
26-53-2023 16:53:09 INFO     [words.py:17] Word Section accessed
26-53-2023 16:53:21 DEBUG    [hangman.py:124] admin scored 7
26-53-2023 16:53:31 DEBUG    [hangman.py:124] admin scored 7
26-53-2023 16:53:52 DEBUG    [hangman.py:124] admin scored 0
26-53-2023 16:53:52 INFO     [PlayerDAO.py:20] Three tables are created
26-56-2023 16:56:04 INFO     [PlayerDAO.py:20] Three tables are created
26-56-2023 16:56:04 DEBUG    [Game.py:51] Player(name='admin', role='admin', high_score=7.0, highscore_created_on='2023-10-25 11:37:54.637963', total_games_played=3, total_games_won=2)
26-56-2023 16:56:04 DEBUG    [player.py:22] Player admin created
26-56-2023 16:56:04 INFO     [admin.py:21] Admin logged in
26-56-2023 16:56:11 INFO     [words.py:17] Word Section accessed
26-56-2023 16:56:22 DEBUG    [hangman.py:124] admin scored 7
26-56-2023 16:56:33 DEBUG    [hangman.py:124] admin scored 0
26-56-2023 16:56:47 DEBUG    [hangman.py:124] admin scored 0
26-56-2023 16:56:47 INFO     [PlayerDAO.py:20] Three tables are created
26-09-2023 17:09:30 INFO     [PlayerDAO.py:20] Three tables are created
26-09-2023 17:09:30 DEBUG    [Game.py:51] Player(name='admin', role='admin', high_score=7.0, highscore_created_on='2023-10-25 11:37:54.637963', total_games_played=3, total_games_won=1)
26-09-2023 17:09:30 DEBUG    [player.py:22] Player admin created
26-09-2023 17:09:30 INFO     [admin.py:21] Admin logged in
26-09-2023 17:09:46 INFO     [words.py:17] Word Section accessed
26-10-2023 17:10:01 DEBUG    [hangman.py:124] admin scored 7
26-10-2023 17:10:01 INFO     [PlayerDAO.py:20] Three tables are created
26-10-2023 17:10:24 INFO     [PlayerDAO.py:20] Three tables are created
26-10-2023 17:10:24 DEBUG    [PlayerDAO.py:53] Invalid username or password2
26-10-2023 17:10:24 DEBUG    [PlayerDAO.py:54] [('admin', 'Abcde@2', 'admin')]
26-10-2023 17:10:24 ERROR    [Game.py:48] Invalid username or password
26-10-2023 17:10:32 INFO     [PlayerDAO.py:20] Three tables are created
26-10-2023 17:10:32 DEBUG    [Game.py:51] Player(name='admin', role='admin', high_score=7.0, highscore_created_on='2023-10-25 11:37:54.637963', total_games_played=1, total_games_won=1)
26-10-2023 17:10:32 DEBUG    [player.py:22] Player admin created
26-10-2023 17:10:32 INFO     [admin.py:21] Admin logged in
26-11-2023 17:11:38 INFO     [PlayerDAO.py:20] Three tables are created
26-11-2023 17:11:38 DEBUG    [Game.py:51] Player(name='admin', role='admin', high_score=7.0, highscore_created_on='2023-10-25 11:37:54.637963', total_games_played=1, total_games_won=1)
26-11-2023 17:11:38 DEBUG    [player.py:22] Player admin created
26-11-2023 17:11:38 INFO     [admin.py:21] Admin logged in
26-11-2023 17:11:49 INFO     [words.py:17] Word Section accessed
26-11-2023 17:11:58 DEBUG    [hangman.py:124] admin scored 7
26-12-2023 17:12:46 DEBUG    [hangman.py:124] admin scored 7
26-12-2023 17:12:54 DEBUG    [hangman.py:124] admin scored 0
26-12-2023 17:12:54 INFO     [PlayerDAO.py:20] Three tables are created
26-13-2023 17:13:17 INFO     [PlayerDAO.py:20] Three tables are created
27-05-2023 10:05:09 INFO     [PlayerDAO.py:30] Three tables are created
27-05-2023 10:05:09 DEBUG    [Game.py:51] Player(name='admin', role='admin', high_score=7.0, highscore_created_on='2023-10-25 11:37:54.637963', total_games_played=4, total_games_won=3)
27-05-2023 10:05:09 DEBUG    [player.py:22] Player admin created
27-05-2023 10:05:09 INFO     [admin.py:21] Admin logged in
27-05-2023 10:05:15 INFO     [words.py:25] Word Section accessed
27-05-2023 10:05:15 DEBUG    [words.py:39] No of words available:16
27-05-2023 10:05:25 DEBUG    [hangman.py:124] admin scored 7
27-05-2023 10:05:25 INFO     [PlayerDAO.py:30] Three tables are created
27-34-2023 10:34:48 INFO     [PlayerDAO.py:30] Three tables are created
27-34-2023 10:34:48 DEBUG    [Game.py:51] Player(name='admin', role='admin', high_score=7.0, highscore_created_on='2023-10-25 11:37:54.637963', total_games_played=5, total_games_won=4)
27-34-2023 10:34:48 DEBUG    [player.py:22] Player admin created
27-34-2023 10:34:48 INFO     [admin.py:22] Admin logged in
27-34-2023 10:34:51 INFO     [words.py:35] Word Section accessed
27-34-2023 10:34:51 DEBUG    [words.py:49] No of words available:1486
27-37-2023 10:37:53 INFO     [PlayerDAO.py:30] Three tables are created
27-37-2023 10:37:53 DEBUG    [PlayerDAO.py:60] Invalid username or password2
27-37-2023 10:37:53 ERROR    [Game.py:48] Invalid username or password
27-38-2023 10:38:01 INFO     [PlayerDAO.py:30] Three tables are created
27-38-2023 10:38:01 DEBUG    [Game.py:51] Player(name='admin', role='admin', high_score=7.0, highscore_created_on='2023-10-25 11:37:54.637963', total_games_played=5, total_games_won=4)
27-38-2023 10:38:01 DEBUG    [player.py:22] Player admin created
27-38-2023 10:38:01 INFO     [admin.py:22] Admin logged in
27-38-2023 10:38:04 INFO     [words.py:35] Word Section accessed
27-38-2023 10:38:04 DEBUG    [words.py:49] No of words available:1486
27-40-2023 10:40:44 INFO     [PlayerDAO.py:30] Three tables are created
27-40-2023 10:40:44 DEBUG    [Game.py:51] Player(name='admin', role='admin', high_score=7.0, highscore_created_on='2023-10-25 11:37:54.637963', total_games_played=5, total_games_won=4)
27-40-2023 10:40:44 DEBUG    [player.py:22] Player admin created
27-40-2023 10:40:44 INFO     [admin.py:22] Admin logged in
27-40-2023 10:40:45 INFO     [words.py:35] Word Section accessed
27-40-2023 10:40:45 DEBUG    [words.py:49] No of words available:1486
27-51-2023 10:51:38 INFO     [PlayerDAO.py:30] Three tables are created
27-51-2023 10:51:38 DEBUG    [Game.py:51] Player(name='admin', role='admin', high_score=7.0, highscore_created_on='2023-10-25 11:37:54.637963', total_games_played=5, total_games_won=4)
27-51-2023 10:51:38 DEBUG    [player.py:22] Player admin created
27-51-2023 10:51:38 INFO     [admin.py:22] Admin logged in
27-51-2023 10:51:40 INFO     [words.py:35] Word Section accessed
27-51-2023 10:51:40 DEBUG    [words.py:49] No of words available:1486
27-58-2023 10:58:06 INFO     [PlayerDAO.py:30] Three tables are created
27-58-2023 10:58:06 DEBUG    [Game.py:51] Player(name='admin', role='admin', high_score=7.0, highscore_created_on='2023-10-25 11:37:54.637963', total_games_played=5, total_games_won=4)
27-58-2023 10:58:06 DEBUG    [player.py:22] Player admin created
27-58-2023 10:58:06 INFO     [admin.py:22] Admin logged in
27-58-2023 10:58:08 INFO     [words.py:35] Word Section accessed
27-58-2023 10:58:08 DEBUG    [words.py:49] No of words available:1487
27-39-2023 11:39:38 INFO     [PlayerDAO.py:30] Three tables are created
27-39-2023 11:39:38 DEBUG    [Game.py:51] Player(name='admin', role='admin', high_score=7.0, highscore_created_on='2023-10-25 11:37:54.637963', total_games_played=5, total_games_won=4)
27-39-2023 11:39:38 DEBUG    [player.py:22] Player admin created
27-39-2023 11:39:38 INFO     [admin.py:22] Admin logged in
27-39-2023 11:39:50 INFO     [words.py:35] Word Section accessed
27-39-2023 11:39:50 DEBUG    [words.py:49] No of words available:1488
27-40-2023 11:40:29 INFO     [PlayerDAO.py:30] Three tables are created
27-40-2023 11:40:29 DEBUG    [Game.py:51] Player(name='admin', role='admin', high_score=7.0, highscore_created_on='2023-10-25 11:37:54.637963', total_games_played=5, total_games_won=4)
27-40-2023 11:40:29 DEBUG    [player.py:22] Player admin created
27-40-2023 11:40:29 INFO     [admin.py:22] Admin logged in
27-40-2023 11:40:35 INFO     [words.py:35] Word Section accessed
27-40-2023 11:40:35 DEBUG    [words.py:49] No of words available:1488
27-17-2023 12:17:34 INFO     [PlayerDAO.py:30] Three tables are created
27-17-2023 12:17:34 DEBUG    [Game.py:51] Player(name='admin', role='admin', high_score=7.0, highscore_created_on='2023-10-25 11:37:54.637963', total_games_played=5, total_games_won=4)
27-17-2023 12:17:34 DEBUG    [player.py:22] Player admin created
27-17-2023 12:17:34 INFO     [admin.py:22] Admin logged in
27-17-2023 12:17:36 INFO     [words.py:36] Word Section accessed
27-17-2023 12:17:36 DEBUG    [words.py:50] No of words available:1488
27-19-2023 12:19:24 INFO     [PlayerDAO.py:30] Three tables are created
27-19-2023 12:19:24 DEBUG    [Game.py:51] Player(name='admin', role='admin', high_score=7.0, highscore_created_on='2023-10-25 11:37:54.637963', total_games_played=5, total_games_won=4)
27-19-2023 12:19:24 DEBUG    [player.py:22] Player admin created
27-19-2023 12:19:24 INFO     [admin.py:22] Admin logged in
27-19-2023 12:19:28 INFO     [words.py:36] Word Section accessed
27-19-2023 12:19:28 DEBUG    [words.py:50] No of words available:1488
27-21-2023 12:21:42 INFO     [PlayerDAO.py:30] Three tables are created
27-21-2023 12:21:42 DEBUG    [Game.py:51] Player(name='admin', role='admin', high_score=7.0, highscore_created_on='2023-10-25 11:37:54.637963', total_games_played=5, total_games_won=4)
27-21-2023 12:21:42 DEBUG    [player.py:22] Player admin created
27-21-2023 12:21:42 INFO     [admin.py:22] Admin logged in
27-21-2023 12:21:44 INFO     [words.py:36] Word Section accessed
27-21-2023 12:21:44 DEBUG    [words.py:50] No of words available:1488
27-59-2023 12:59:22 INFO     [PlayerDAO.py:30] Three tables are created
27-59-2023 12:59:22 DEBUG    [Game.py:51] Player(name='admin', role='admin', high_score=7.0, highscore_created_on='2023-10-25 11:37:54.637963', total_games_played=5, total_games_won=4)
27-59-2023 12:59:22 DEBUG    [player.py:22] Player admin created
27-59-2023 12:59:22 INFO     [admin.py:22] Admin logged in
27-59-2023 12:59:24 INFO     [words.py:36] Word Section accessed
27-59-2023 12:59:24 DEBUG    [words.py:50] No of words available:1488
27-03-2023 13:03:38 INFO     [PlayerDAO.py:30] Three tables are created
27-03-2023 13:03:38 DEBUG    [Game.py:51] Player(name='admin', role='admin', high_score=7.0, highscore_created_on='2023-10-25 11:37:54.637963', total_games_played=5, total_games_won=4)
27-03-2023 13:03:38 DEBUG    [player.py:22] Player admin created
27-03-2023 13:03:38 INFO     [admin.py:22] Admin logged in
27-03-2023 13:03:42 INFO     [words.py:36] Word Section accessed
27-05-2023 13:05:44 INFO     [PlayerDAO.py:30] Three tables are created
27-05-2023 13:05:44 DEBUG    [Game.py:51] Player(name='admin', role='admin', high_score=7.0, highscore_created_on='2023-10-25 11:37:54.637963', total_games_played=5, total_games_won=4)
27-05-2023 13:05:44 DEBUG    [player.py:22] Player admin created
27-05-2023 13:05:44 INFO     [admin.py:22] Admin logged in
27-05-2023 13:05:46 INFO     [words.py:36] Word Section accessed
27-09-2023 13:09:36 INFO     [PlayerDAO.py:30] Three tables are created
27-09-2023 13:09:36 DEBUG    [Game.py:51] Player(name='admin', role='admin', high_score=7.0, highscore_created_on='2023-10-25 11:37:54.637963', total_games_played=5, total_games_won=4)
27-09-2023 13:09:36 DEBUG    [player.py:22] Player admin created
27-09-2023 13:09:36 INFO     [admin.py:22] Admin logged in
27-09-2023 13:09:39 INFO     [words.py:36] Word Section accessed
27-10-2023 13:10:07 INFO     [PlayerDAO.py:30] Three tables are created
27-10-2023 13:10:07 DEBUG    [Game.py:51] Player(name='admin', role='admin', high_score=7.0, highscore_created_on='2023-10-25 11:37:54.637963', total_games_played=5, total_games_won=4)
27-10-2023 13:10:07 DEBUG    [player.py:22] Player admin created
27-10-2023 13:10:07 INFO     [admin.py:22] Admin logged in
27-10-2023 13:10:23 INFO     [PlayerDAO.py:30] Three tables are created
27-10-2023 13:10:23 DEBUG    [Game.py:51] Player(name='admin', role='admin', high_score=7.0, highscore_created_on='2023-10-25 11:37:54.637963', total_games_played=5, total_games_won=4)
27-10-2023 13:10:23 DEBUG    [player.py:22] Player admin created
27-10-2023 13:10:23 INFO     [admin.py:22] Admin logged in
27-10-2023 13:10:24 INFO     [words.py:36] Word Section accessed
27-10-2023 13:10:24 DEBUG    [words.py:50] No of words available:1487
27-10-2023 13:10:47 INFO     [PlayerDAO.py:30] Three tables are created
27-10-2023 13:10:47 DEBUG    [Game.py:51] Player(name='admin', role='admin', high_score=7.0, highscore_created_on='2023-10-25 11:37:54.637963', total_games_played=5, total_games_won=4)
27-10-2023 13:10:47 DEBUG    [player.py:22] Player admin created
27-10-2023 13:10:47 INFO     [admin.py:22] Admin logged in
27-10-2023 13:10:50 INFO     [words.py:36] Word Section accessed
27-10-2023 13:10:50 DEBUG    [words.py:50] No of words available:1487
27-20-2023 13:20:57 INFO     [PlayerDAO.py:30] Three tables are created
27-20-2023 13:20:57 DEBUG    [Game.py:51] Player(name='admin', role='admin', high_score=7.0, highscore_created_on='2023-10-25 11:37:54.637963', total_games_played=5, total_games_won=4)
27-20-2023 13:20:57 DEBUG    [player.py:22] Player admin created
27-20-2023 13:20:57 INFO     [admin.py:22] Admin logged in
27-20-2023 13:20:59 INFO     [words.py:36] Word Section accessed
27-21-2023 13:21:54 INFO     [PlayerDAO.py:30] Three tables are created
27-21-2023 13:21:54 DEBUG    [Game.py:51] Player(name='admin', role='admin', high_score=7.0, highscore_created_on='2023-10-25 11:37:54.637963', total_games_played=5, total_games_won=4)
27-21-2023 13:21:54 DEBUG    [player.py:22] Player admin created
27-21-2023 13:21:54 INFO     [admin.py:22] Admin logged in
27-21-2023 13:21:55 INFO     [words.py:36] Word Section accessed
27-21-2023 13:21:55 DEBUG    [words.py:50] No of words available:1486
27-22-2023 13:22:28 INFO     [PlayerDAO.py:30] Three tables are created
27-22-2023 13:22:28 DEBUG    [Game.py:51] Player(name='admin', role='admin', high_score=7.0, highscore_created_on='2023-10-25 11:37:54.637963', total_games_played=5, total_games_won=4)
27-22-2023 13:22:28 DEBUG    [player.py:22] Player admin created
27-22-2023 13:22:28 INFO     [admin.py:22] Admin logged in
27-22-2023 13:22:29 INFO     [words.py:36] Word Section accessed
27-22-2023 13:22:29 DEBUG    [words.py:50] No of words available:1486
27-23-2023 13:23:21 INFO     [PlayerDAO.py:30] Three tables are created
27-23-2023 13:23:21 DEBUG    [Game.py:51] Player(name='admin', role='admin', high_score=7.0, highscore_created_on='2023-10-25 11:37:54.637963', total_games_played=5, total_games_won=4)
27-23-2023 13:23:21 DEBUG    [player.py:22] Player admin created
27-23-2023 13:23:21 INFO     [admin.py:22] Admin logged in
27-23-2023 13:23:24 INFO     [words.py:36] Word Section accessed
27-23-2023 13:23:24 DEBUG    [words.py:50] No of words available:1486
27-26-2023 14:26:16 INFO     [PlayerDAO.py:30] Three tables are created
27-26-2023 14:26:16 DEBUG    [Game.py:51] Player(name='admin', role='admin', high_score=7.0, highscore_created_on='2023-10-25 11:37:54.637963', total_games_played=5, total_games_won=4)
27-26-2023 14:26:16 DEBUG    [player.py:22] Player admin created
27-26-2023 14:26:16 INFO     [admin.py:22] Admin logged in
27-26-2023 14:26:18 INFO     [words.py:44] Word Section accessed
27-26-2023 14:26:18 DEBUG    [words.py:58] No of words available:1486
27-28-2023 14:28:48 INFO     [PlayerDAO.py:30] Three tables are created
27-28-2023 14:28:48 DEBUG    [Game.py:51] Player(name='admin', role='admin', high_score=7.0, highscore_created_on='2023-10-25 11:37:54.637963', total_games_played=5, total_games_won=4)
27-28-2023 14:28:48 DEBUG    [player.py:22] Player admin created
27-28-2023 14:28:48 INFO     [admin.py:22] Admin logged in
27-28-2023 14:28:55 INFO     [words.py:45] Word Section accessed
27-28-2023 14:28:55 DEBUG    [words.py:59] No of words available:1486
27-30-2023 14:30:43 INFO     [PlayerDAO.py:30] Three tables are created
27-30-2023 14:30:43 DEBUG    [PlayerDAO.py:60] Invalid username or password2
27-30-2023 14:30:43 ERROR    [Game.py:48] Invalid username or password
27-30-2023 14:30:51 INFO     [PlayerDAO.py:30] Three tables are created
27-30-2023 14:30:51 DEBUG    [Game.py:51] Player(name='admin', role='admin', high_score=7.0, highscore_created_on='2023-10-25 11:37:54.637963', total_games_played=5, total_games_won=4)
27-30-2023 14:30:51 DEBUG    [player.py:22] Player admin created
27-30-2023 14:30:51 INFO     [admin.py:22] Admin logged in
27-30-2023 14:30:53 INFO     [words.py:45] Word Section accessed
27-30-2023 14:30:53 DEBUG    [words.py:59] No of words available:1486
27-31-2023 14:31:54 INFO     [PlayerDAO.py:30] Three tables are created
27-31-2023 14:31:54 DEBUG    [Game.py:51] Player(name='admin', role='admin', high_score=7.0, highscore_created_on='2023-10-25 11:37:54.637963', total_games_played=5, total_games_won=4)
27-31-2023 14:31:54 DEBUG    [player.py:22] Player admin created
27-31-2023 14:31:54 INFO     [admin.py:22] Admin logged in
27-31-2023 14:31:56 INFO     [words.py:45] Word Section accessed
27-31-2023 14:31:56 DEBUG    [words.py:59] No of words available:1486
27-34-2023 14:34:39 INFO     [PlayerDAO.py:30] Three tables are created
27-34-2023 14:34:39 DEBUG    [Game.py:51] Player(name='admin', role='admin', high_score=7.0, highscore_created_on='2023-10-25 11:37:54.637963', total_games_played=5, total_games_won=4)
27-34-2023 14:34:39 DEBUG    [player.py:22] Player admin created
27-34-2023 14:34:39 INFO     [admin.py:22] Admin logged in
27-34-2023 14:34:41 INFO     [words.py:45] Word Section accessed
27-34-2023 14:34:41 DEBUG    [words.py:59] No of words available:1486
27-34-2023 14:34:55 DEBUG    [words.py:59] No of words available:1486
27-19-2023 15:19:38 INFO     [PlayerDAO.py:30] Three tables are created
27-19-2023 15:19:38 DEBUG    [Game.py:58] Player(name='admin', role='admin', high_score=7.0, highscore_created_on='2023-10-25 11:37:54.637963', total_games_played=5, total_games_won=4)
27-19-2023 15:19:38 DEBUG    [player.py:21] Player admin created
27-19-2023 15:19:38 INFO     [admin.py:22] Admin logged in
27-19-2023 15:19:47 INFO     [words.py:45] Word Section accessed
27-19-2023 15:19:47 DEBUG    [words.py:59] No of words available:1486
27-20-2023 15:20:40 INFO     [PlayerDAO.py:30] Three tables are created
27-20-2023 15:20:40 DEBUG    [Game.py:58] Player(name='admin', role='admin', high_score=7.0, highscore_created_on='2023-10-25 11:37:54.637963', total_games_played=5, total_games_won=4)
27-20-2023 15:20:40 DEBUG    [player.py:21] Player admin created
27-20-2023 15:20:40 INFO     [admin.py:22] Admin logged in
27-20-2023 15:20:46 INFO     [words.py:45] Word Section accessed
27-20-2023 15:20:46 DEBUG    [words.py:59] No of words available:1486
27-21-2023 15:21:05 DEBUG    [hangman.py:125] admin scored 5
27-21-2023 15:21:33 DEBUG    [hangman.py:125] admin scored 3
27-23-2023 15:23:53 INFO     [PlayerDAO.py:30] Three tables are created
27-23-2023 15:23:53 DEBUG    [Game.py:58] Player(name='admin', role='admin', high_score=7.0, highscore_created_on='2023-10-25 11:37:54.637963', total_games_played=5, total_games_won=4)
27-23-2023 15:23:53 DEBUG    [player.py:21] Player admin created
27-23-2023 15:23:53 INFO     [admin.py:22] Admin logged in
27-23-2023 15:23:59 INFO     [words.py:45] Word Section accessed
27-23-2023 15:23:59 DEBUG    [words.py:59] No of words available:1486
27-24-2023 15:24:27 DEBUG    [hangman.py:125] admin scored 7
27-24-2023 15:24:38 DEBUG    [hangman.py:125] admin scored 6
27-24-2023 15:24:51 DEBUG    [hangman.py:125] admin scored 7
27-24-2023 15:24:51 INFO     [PlayerDAO.py:30] Three tables are created
27-25-2023 15:25:00 INFO     [PlayerDAO.py:30] Three tables are created
27-40-2023 15:40:24 INFO     [PlayerDAO.py:31] Three tables are created
27-41-2023 15:41:31 INFO     [PlayerDAO.py:31] Three tables are created
27-41-2023 15:41:31 DEBUG    [PlayerDAO.py:48] hashed password a8cb0ee32ac29ec17c40252725d951fd285c19e4e36845db6a1d5ac9d183682a
27-47-2023 15:47:08 INFO     [PlayerDAO.py:33] Three tables are created
27-47-2023 15:47:42 INFO     [PlayerDAO.py:33] Three tables are created
27-47-2023 15:47:52 INFO     [PlayerDAO.py:33] Three tables are created
27-47-2023 15:47:52 DEBUG    [Game.py:58] Player(name='Xdeadpool', role='player', high_score=0.0, highscore_created_on='2023-10-27 15:47:42.074676', total_games_played=0, total_games_won=0)
27-47-2023 15:47:52 DEBUG    [player.py:21] Player Xdeadpool created
27-47-2023 15:47:52 INFO     [Game.py:73] Login with <Player Xdeadpool Scores:[] Wins:0 />
27-48-2023 15:48:35 INFO     [PlayerDAO.py:33] Three tables are created
27-48-2023 15:48:35 ERROR    [PlayerDAO.py:47] Username taken
27-48-2023 15:48:35 ERROR    [Game.py:84] Already exist error
27-54-2023 15:54:32 INFO     [PlayerDAO.py:33] Three tables are created
27-56-2023 15:56:35 INFO     [PlayerDAO.py:33] Three tables are created
27-58-2023 15:58:38 INFO     [PlayerDAO.py:33] Three tables are created
27-58-2023 15:58:38 DEBUG    [Game.py:58] Player(name='admin', role='admin', high_score=7.0, highscore_created_on='2023-10-25 11:37:54.637963', total_games_played=8, total_games_won=7)
27-58-2023 15:58:38 DEBUG    [player.py:21] Player admin created
27-58-2023 15:58:38 INFO     [admin.py:22] Admin logged in
27-00-2023 16:00:14 INFO     [PlayerDAO.py:33] Three tables are created
27-00-2023 16:00:14 DEBUG    [Game.py:58] Player(name='admin', role='admin', high_score=7.0, highscore_created_on='2023-10-25 11:37:54.637963', total_games_played=8, total_games_won=7)
27-00-2023 16:00:14 DEBUG    [player.py:21] Player admin created
27-00-2023 16:00:14 INFO     [admin.py:22] Admin logged in
27-00-2023 16:00:24 INFO     [words.py:45] Word Section accessed
27-00-2023 16:00:24 DEBUG    [words.py:59] No of words available:1486
27-00-2023 16:00:40 DEBUG    [hangman.py:128] admin scored 0
27-01-2023 16:01:01 DEBUG    [hangman.py:128] admin scored 0
27-01-2023 16:01:12 DEBUG    [hangman.py:128] admin scored 6
27-01-2023 16:01:12 INFO     [PlayerDAO.py:33] Three tables are created
27-01-2023 16:01:36 INFO     [PlayerDAO.py:33] Three tables are created
27-51-2023 16:51:03 INFO     [PlayerDAO.py:33] Three tables are created
27-51-2023 16:51:03 DEBUG    [Game.py:58] Player(name='admin', role='admin', high_score=7.0, highscore_created_on='2023-10-25 11:37:54.637963', total_games_played=11, total_games_won=8)
27-51-2023 16:51:03 DEBUG    [player.py:21] Player admin created
27-51-2023 16:51:03 INFO     [admin.py:22] Admin logged in
27-51-2023 16:51:09 INFO     [words.py:45] Word Section accessed
27-51-2023 16:51:09 DEBUG    [words.py:59] No of words available:1486
27-51-2023 16:51:31 DEBUG    [hangman.py:134] admin scored 6
27-51-2023 16:51:57 DEBUG    [hangman.py:134] admin scored 0
27-52-2023 16:52:19 DEBUG    [hangman.py:134] admin scored 5
27-52-2023 16:52:19 INFO     [PlayerDAO.py:33] Three tables are created
27-53-2023 16:53:53 INFO     [PlayerDAO.py:33] Three tables are created
27-53-2023 16:53:53 DEBUG    [Game.py:58] Player(name='admin', role='admin', high_score=7.0, highscore_created_on='2023-10-25 11:37:54.637963', total_games_played=14, total_games_won=10)
27-53-2023 16:53:53 DEBUG    [player.py:21] Player admin created
27-53-2023 16:53:53 INFO     [admin.py:22] Admin logged in
27-53-2023 16:53:58 INFO     [words.py:45] Word Section accessed
27-53-2023 16:53:58 DEBUG    [words.py:59] No of words available:1486
27-54-2023 16:54:14 DEBUG    [hangman.py:134] admin scored 7
27-54-2023 16:54:14 INFO     [PlayerDAO.py:33] Three tables are created
27-10-2023 17:10:30 INFO     [PlayerDAO.py:33] Three tables are created
27-10-2023 17:10:30 ERROR    [PlayerDAO.py:47] Username taken
27-10-2023 17:10:30 ERROR    [Game.py:84] Already exist error
27-12-2023 17:12:02 INFO     [PlayerDAO.py:33] Three tables are created
27-12-2023 17:12:02 ERROR    [PlayerDAO.py:47] Username taken
27-12-2023 17:12:02 ERROR    [Game.py:84] Already exist error
27-12-2023 17:12:23 INFO     [PlayerDAO.py:33] Three tables are created
27-12-2023 17:12:23 ERROR    [PlayerDAO.py:47] Username taken
27-12-2023 17:12:23 ERROR    [Game.py:84] Already exist error
27-18-2023 17:18:04 INFO     [PlayerDAO.py:33] Three tables are created
27-18-2023 17:18:04 ERROR    [PlayerDAO.py:47] Username taken
27-18-2023 17:18:04 ERROR    [Game.py:84] Already exist error
27-19-2023 17:19:04 INFO     [PlayerDAO.py:33] Three tables are created
27-19-2023 17:19:04 ERROR    [PlayerDAO.py:49] Username taken
27-19-2023 17:19:04 ERROR    [Game.py:84] Already exist error
27-19-2023 17:19:30 INFO     [PlayerDAO.py:33] Three tables are created
27-19-2023 17:19:30 ERROR    [PlayerDAO.py:49] Username taken
27-19-2023 17:19:30 ERROR    [Game.py:84] Already exist error
27-20-2023 17:20:14 INFO     [PlayerDAO.py:33] Three tables are created
27-20-2023 17:20:14 ERROR    [PlayerDAO.py:49] Username taken
27-20-2023 17:20:14 ERROR    [Game.py:84] Already exist error
27-20-2023 17:20:45 INFO     [PlayerDAO.py:33] Three tables are created
27-20-2023 17:20:45 ERROR    [PlayerDAO.py:49] Username taken
27-20-2023 17:20:45 ERROR    [Game.py:84] Already exist error
27-22-2023 17:22:17 INFO     [PlayerDAO.py:33] Three tables are created
27-22-2023 17:22:17 ERROR    [PlayerDAO.py:49] Username taken
27-22-2023 17:22:17 ERROR    [Game.py:84] Already exist error
27-22-2023 17:22:38 INFO     [PlayerDAO.py:33] Three tables are created
27-22-2023 17:22:46 INFO     [PlayerDAO.py:33] Three tables are created
27-22-2023 17:22:46 DEBUG    [Game.py:58] Player(name='deadpool', role='player', high_score=0.0, highscore_created_on='2023-10-27 17:22:38.883312', total_games_played=0, total_games_won=0)
27-22-2023 17:22:46 DEBUG    [player.py:21] Player deadpool created
27-22-2023 17:22:46 INFO     [Game.py:73] Login with <Player deadpool Scores:[] Wins:0 />
27-34-2023 17:34:45 INFO     [PlayerDAO.py:33] Three tables are created
27-34-2023 17:34:45 DEBUG    [Game.py:58] Player(name='admin', role='admin', high_score=7.0, highscore_created_on='2023-10-25 11:37:54.637963', total_games_played=15, total_games_won=11)
27-34-2023 17:34:45 DEBUG    [player.py:21] Player admin created
27-34-2023 17:34:45 INFO     [admin.py:22] Admin logged in
27-35-2023 17:35:00 INFO     [PlayerDAO.py:33] Three tables are created
27-35-2023 17:35:09 INFO     [words.py:45] Word Section accessed
27-35-2023 17:35:09 DEBUG    [words.py:59] No of words available:1486
27-35-2023 17:35:48 DEBUG    [words.py:59] No of words available:1486
27-36-2023 17:36:30 DEBUG    [words.py:59] No of words available:1487
27-37-2023 17:37:39 DEBUG    [words.py:59] No of words available:1486
27-38-2023 17:38:56 INFO     [PlayerDAO.py:33] Three tables are created
27-38-2023 17:38:56 DEBUG    [Game.py:58] Player(name='admin', role='admin', high_score=7.0, highscore_created_on='2023-10-25 11:37:54.637963', total_games_played=15, total_games_won=11)
27-38-2023 17:38:56 DEBUG    [player.py:21] Player admin created
27-38-2023 17:38:56 INFO     [admin.py:22] Admin logged in
27-39-2023 17:39:11 INFO     [PlayerDAO.py:33] Three tables are created
27-39-2023 17:39:11 DEBUG    [Game.py:58] Player(name='admin', role='admin', high_score=7.0, highscore_created_on='2023-10-25 11:37:54.637963', total_games_played=15, total_games_won=11)
27-39-2023 17:39:11 DEBUG    [player.py:21] Player admin created
27-39-2023 17:39:11 INFO     [admin.py:22] Admin logged in
27-39-2023 17:39:38 INFO     [words.py:45] Word Section accessed
27-39-2023 17:39:38 DEBUG    [words.py:59] No of words available:1486
27-40-2023 17:40:00 DEBUG    [hangman.py:134] admin scored 6
27-40-2023 17:40:00 INFO     [PlayerDAO.py:33] Three tables are created
27-41-2023 17:41:04 INFO     [PlayerDAO.py:33] Three tables are created
27-41-2023 17:41:20 INFO     [PlayerDAO.py:33] Three tables are created
27-41-2023 17:41:20 DEBUG    [Game.py:58] Player(name='deadpool', role='player', high_score=0.0, highscore_created_on='2023-10-27 17:22:38.883312', total_games_played=0, total_games_won=0)
27-41-2023 17:41:20 DEBUG    [player.py:21] Player deadpool created
27-41-2023 17:41:20 INFO     [Game.py:73] Login with <Player deadpool Scores:[] Wins:0 />
27-41-2023 17:41:37 INFO     [words.py:45] Word Section accessed
27-41-2023 17:41:37 DEBUG    [words.py:59] No of words available:1486
27-42-2023 17:42:13 DEBUG    [hangman.py:134] deadpool scored 7
27-42-2023 17:42:13 INFO     [PlayerDAO.py:33] Three tables are created
27-42-2023 17:42:13 INFO     [PlayerDAO.py:33] Three tables are created
27-42-2023 17:42:23 INFO     [PlayerDAO.py:33] Three tables are created
29-25-2023 12:25:04 INFO     [PlayerDAO.py:23] Three tables are created
29-26-2023 12:26:51 INFO     [PlayerDAO.py:23] Three tables are created
29-26-2023 12:26:51 DEBUG    [PlayerDAO.py:55] Invalid Username or password
29-27-2023 12:27:42 INFO     [PlayerDAO.py:23] Three tables are created
29-27-2023 12:27:42 DEBUG    [PlayerDAO.py:55] Invalid Username or password
29-29-2023 12:29:34 INFO     [PlayerDAO.py:23] Three tables are created
29-29-2023 12:29:34 DEBUG    [PlayerDAO.py:55] Invalid Username or password
29-30-2023 12:30:30 INFO     [PlayerDAO.py:23] Three tables are created
29-30-2023 12:30:30 DEBUG    [PlayerDAO.py:55] Invalid Username or password
29-30-2023 12:30:47 INFO     [PlayerDAO.py:23] Three tables are created
29-30-2023 12:30:52 INFO     [PlayerDAO.py:23] Three tables are created
29-31-2023 12:31:25 INFO     [PlayerDAO.py:23] Three tables are created
29-31-2023 12:31:46 INFO     [PlayerDAO.py:23] Three tables are created
29-37-2023 12:37:39 INFO     [PlayerDAO.py:23] Three tables are created
29-37-2023 12:37:39 DEBUG    [PlayerDAO.py:55] Invalid Username or password
29-38-2023 12:38:28 INFO     [PlayerDAO.py:23] Three tables are created
29-38-2023 12:38:28 DEBUG    [PlayerDAO.py:55] Invalid Username or password
29-42-2023 12:42:03 INFO     [PlayerDAO.py:23] Three tables are created
29-42-2023 12:42:03 ERROR    [PlayerDAO.py:39] Player with same username already exists
29-48-2023 12:48:10 INFO     [PlayerDAO.py:23] Three tables are created
29-48-2023 12:48:10 DEBUG    [PlayerDAO.py:55] Invalid Username or password
29-48-2023 12:48:51 INFO     [PlayerDAO.py:23] Three tables are created
16-16-2023 10:16:45 INFO     [PlayerDAO.py:23] Three tables are created
16-16-2023 10:16:45 DEBUG    [PlayerDAO.py:50] Invalid Username or password
16-29-2023 10:29:26 INFO     [PlayerDAO.py:23] Three tables are created
16-29-2023 10:29:26 DEBUG    [PlayerDAO.py:50] Invalid Username or password
16-29-2023 10:29:36 INFO     [PlayerDAO.py:23] Three tables are created
16-29-2023 10:29:36 DEBUG    [PlayerDAO.py:50] Invalid Username or password
16-30-2023 10:30:13 INFO     [PlayerDAO.py:23] Three tables are created
16-30-2023 10:30:13 DEBUG    [PlayerDAO.py:50] Invalid Username or password
16-34-2023 10:34:48 INFO     [PlayerDAO.py:23] Three tables are created
16-34-2023 10:34:48 DEBUG    [PlayerDAO.py:50] Invalid Username or password
16-42-2023 10:42:58 INFO     [PlayerDAO.py:23] Three tables are created
16-42-2023 10:42:58 DEBUG    [PlayerDAO.py:50] Invalid Username or password
16-45-2023 10:45:23 INFO     [PlayerDAO.py:23] Three tables are created
16-45-2023 10:45:29 INFO     [PlayerDAO.py:23] Three tables are created
16-45-2023 10:45:45 INFO     [PlayerDAO.py:23] Three tables are created
16-45-2023 10:45:45 DEBUG    [PlayerDAO.py:50] Invalid Username or password
16-45-2023 10:45:57 INFO     [PlayerDAO.py:23] Three tables are created
16-48-2023 10:48:27 INFO     [PlayerDAO.py:23] Three tables are created
16-48-2023 10:48:27 DEBUG    [PlayerDAO.py:50] Invalid Username or password
16-48-2023 10:48:27 DEBUG    [PlayerDAO.py:51] Invalid Username
16-51-2023 10:51:25 INFO     [PlayerDAO.py:23] Three tables are created
16-52-2023 10:52:29 INFO     [PlayerDAO.py:23] Three tables are created
16-54-2023 10:54:42 INFO     [PlayerDAO.py:23] Three tables are created
16-25-2023 11:25:14 INFO     [PlayerDAO.py:23] Three tables are created
16-30-2023 11:30:40 INFO     [PlayerDAO.py:23] Three tables are created
16-36-2023 11:36:40 INFO     [PlayerDAO.py:23] Three tables are created
16-36-2023 11:36:41 DEBUG    [PlayerDAO.py:56] Invalid Username or password
16-36-2023 11:36:41 DEBUG    [PlayerDAO.py:57] Invalid password
16-36-2023 11:36:50 INFO     [PlayerDAO.py:23] Three tables are created
16-45-2023 11:45:40 INFO     [PlayerDAO.py:23] Three tables are created
16-48-2023 11:48:43 INFO     [PlayerDAO.py:23] Three tables are created
16-41-2023 13:41:05 INFO     [PlayerDAO.py:23] Three tables are created
16-06-2023 14:06:07 INFO     [PlayerDAO.py:23] Three tables are created
16-31-2023 17:31:14 INFO     [PlayerDAO.py:26] Three tables are created
16-34-2023 17:34:23 INFO     [PlayerDAO.py:26] Three tables are created
17-51-2023 09:51:20 INFO     [main.py:20] Game Started
17-55-2023 09:55:26 INFO     [main.py:20] Game Started
17-56-2023 09:56:13 INFO     [main.py:22] Game Ended
17-56-2023 09:56:17 INFO     [main.py:20] Game Started
17-06-2023 10:06:10 INFO     [main.py:20] Game Started
17-06-2023 10:06:16 ERROR    [game.py:58] Database error SQLITE_CANTOPEN
17-06-2023 10:06:21 INFO     [main.py:22] Game Ended
21-13-2023 11:13:11 INFO     [main.py:20] Game Started
21-14-2023 11:14:02 INFO     [main.py:20] Game Started
21-14-2023 11:14:04 INFO     [main.py:22] Game Ended
21-14-2023 11:14:43 INFO     [main.py:20] Game Started
21-20-2023 11:20:15 INFO     [main.py:20] Game Started
21-20-2023 11:20:18 INFO     [main.py:22] Game Ended
21-21-2023 11:21:57 INFO     [main.py:20] Game Started
21-26-2023 13:26:05 INFO     [main.py:20] Game Started
21-26-2023 13:26:11 INFO     [main.py:22] Game Ended
21-40-2023 13:40:55 INFO     [main.py:20] Game Started
21-40-2023 13:40:59 INFO     [main.py:22] Game Ended
21-51-2023 13:51:22 INFO     [main.py:20] Game Started
21-51-2023 13:51:26 INFO     [main.py:22] Game Ended
22-37-2023 10:37:08 INFO     [main.py:20] Game Started
22-37-2023 10:37:22 ERROR    [game.py:58] Database error SQLITE_CANTOPEN
22-39-2023 10:39:28 INFO     [main.py:20] Game Started
22-39-2023 10:39:37 INFO     [PlayerDAO.py:26] Three tables are created
22-39-2023 10:39:37 DEBUG    [PlayerDAO.py:59] Invalid Username or password
22-39-2023 10:39:37 DEBUG    [PlayerDAO.py:60] Invalid password
22-39-2023 10:39:51 INFO     [PlayerDAO.py:26] Three tables are created
22-39-2023 10:39:56 INFO     [PlayerDAO.py:26] Three tables are created
22-40-2023 10:40:53 INFO     [main.py:20] Game Started
22-41-2023 10:41:03 INFO     [PlayerDAO.py:26] Three tables are created
22-42-2023 10:42:20 DEBUG    [hangman.py:132] admin scored 7
22-42-2023 10:42:20 INFO     [PlayerDAO.py:26] Three tables are created
22-42-2023 10:42:43 INFO     [main.py:22] Game Ended
24-00-2023 16:00:44 INFO     [main.py:20] Game Started
24-00-2023 16:00:49 INFO     [main.py:22] Game Ended
24-00-2023 16:00:53 INFO     [main.py:20] Game Started
28-38-2023 00:38:03 INFO     [main.py:20] Game Started
28-06-2023 01:06:30 INFO     [main.py:20] Game Started
28-06-2023 01:06:34 INFO     [main.py:22] Game Ended
28-06-2023 01:06:55 INFO     [main.py:20] Game Started
28-07-2023 01:07:03 INFO     [PlayerDAO.py:26] Three tables are created
28-07-2023 01:07:07 INFO     [main.py:22] Game Ended
28-09-2023 01:09:07 INFO     [main.py:20] Game Started
28-09-2023 01:09:16 INFO     [main.py:22] Game Ended
